<?xml version="1.0" encoding="UTF-8"?>
<coverage generated="1750629077433" clover="3.2.0">
  <project timestamp="1750629077433" name="All files">
    <metrics statements="155" coveredstatements="123" conditionals="79" coveredconditionals="57" methods="37" coveredmethods="31" elements="271" coveredelements="211" complexity="0" loc="155" ncloc="155" packages="2" files="6" classes="6"/>
    <package name="src">
      <metrics statements="13" coveredstatements="0" conditionals="7" coveredconditionals="0" methods="4" coveredmethods="0"/>
      <file name="App.js" path="/home/runner/work/Quizly-1/Quizly-1/frontend/src/App.js">
        <metrics statements="11" coveredstatements="0" conditionals="7" coveredconditionals="0" methods="4" coveredmethods="0"/>
        <line num="7" count="0" type="stmt"/>
        <line num="8" count="0" type="stmt"/>
        <line num="10" count="0" type="stmt"/>
        <line num="11" count="0" type="stmt"/>
        <line num="14" count="0" type="stmt"/>
        <line num="15" count="0" type="stmt"/>
        <line num="16" count="0" type="stmt"/>
        <line num="19" count="0" type="stmt"/>
        <line num="20" count="0" type="stmt"/>
        <line num="21" count="0" type="stmt"/>
        <line num="24" count="0" type="stmt"/>
      </file>
      <file name="index.js" path="/home/runner/work/Quizly-1/Quizly-1/frontend/src/index.js">
        <metrics statements="2" coveredstatements="0" conditionals="0" coveredconditionals="0" methods="0" coveredmethods="0"/>
        <line num="6" count="0" type="stmt"/>
        <line num="7" count="0" type="stmt"/>
      </file>
    </package>
    <package name="src.components">
      <metrics statements="142" coveredstatements="123" conditionals="72" coveredconditionals="57" methods="33" coveredmethods="31"/>
      <file name="Question.js" path="/home/runner/work/Quizly-1/Quizly-1/frontend/src/components/Question.js">
        <metrics statements="22" coveredstatements="22" conditionals="20" coveredconditionals="19" methods="7" coveredmethods="7"/>
        <line num="3" count="2" type="stmt"/>
        <line num="10" count="29" type="stmt"/>
        <line num="11" count="8" type="cond" truecount="1" falsecount="1"/>
        <line num="12" count="8" type="stmt"/>
        <line num="16" count="29" type="stmt"/>
        <line num="17" count="116" type="stmt"/>
        <line num="19" count="116" type="cond" truecount="2" falsecount="0"/>
        <line num="20" count="15" type="stmt"/>
        <line num="23" count="116" type="cond" truecount="2" falsecount="0"/>
        <line num="24" count="28" type="cond" truecount="2" falsecount="0"/>
        <line num="25" count="7" type="stmt"/>
        <line num="26" count="21" type="cond" truecount="4" falsecount="0"/>
        <line num="27" count="1" type="stmt"/>
        <line num="31" count="116" type="stmt"/>
        <line num="34" count="29" type="stmt"/>
        <line num="35" count="29" type="cond" truecount="4" falsecount="0"/>
        <line num="37" count="7" type="stmt"/>
        <line num="38" count="16" type="stmt"/>
        <line num="40" count="7" type="stmt"/>
        <line num="51" count="29" type="stmt"/>
        <line num="57" count="116" type="stmt"/>
        <line num="60" count="8" type="stmt"/>
      </file>
      <file name="Quiz.js" path="/home/runner/work/Quizly-1/Quizly-1/frontend/src/components/Quiz.js">
        <metrics statements="70" coveredstatements="54" conditionals="26" coveredconditionals="15" methods="11" coveredmethods="10"/>
        <line num="6" count="1" type="stmt"/>
        <line num="8" count="1" type="stmt"/>
        <line num="9" count="31" type="stmt"/>
        <line num="10" count="31" type="stmt"/>
        <line num="11" count="31" type="stmt"/>
        <line num="12" count="31" type="stmt"/>
        <line num="13" count="31" type="stmt"/>
        <line num="14" count="31" type="stmt"/>
        <line num="15" count="31" type="stmt"/>
        <line num="16" count="31" type="stmt"/>
        <line num="17" count="31" type="stmt"/>
        <line num="18" count="31" type="stmt"/>
        <line num="20" count="31" type="stmt"/>
        <line num="21" count="7" type="stmt"/>
        <line num="25" count="31" type="stmt"/>
        <line num="26" count="9" type="stmt"/>
        <line num="27" count="9" type="cond" truecount="2" falsecount="0"/>
        <line num="28" count="1" type="stmt"/>
        <line num="29" count="1" type="stmt"/>
        <line num="34" count="31" type="stmt"/>
        <line num="35" count="7" type="stmt"/>
        <line num="36" count="7" type="stmt"/>
        <line num="39" count="7" type="cond" truecount="1" falsecount="1"/>
        <line num="41" count="0" type="stmt"/>
        <line num="44" count="7" type="stmt"/>
        <line num="47" count="7" type="stmt"/>
        <line num="48" count="7" type="stmt"/>
        <line num="49" count="7" type="stmt"/>
        <line num="51" count="0" type="cond" truecount="0" falsecount="2"/>
        <line num="52" count="0" type="stmt"/>
        <line num="54" count="0" type="stmt"/>
        <line num="56" count="0" type="stmt"/>
        <line num="60" count="31" type="stmt"/>
        <line num="61" count="7" type="stmt"/>
        <line num="64" count="31" type="stmt"/>
        <line num="65" count="4" type="cond" truecount="1" falsecount="1"/>
        <line num="68" count="4" type="cond" truecount="1" falsecount="1"/>
        <line num="69" count="0" type="stmt"/>
        <line num="70" count="0" type="stmt"/>
        <line num="73" count="4" type="stmt"/>
        <line num="74" count="4" type="stmt"/>
        <line num="80" count="4" type="stmt"/>
        <line num="81" count="4" type="stmt"/>
        <line num="84" count="4" type="stmt"/>
        <line num="85" count="3" type="cond" truecount="1" falsecount="1"/>
        <line num="86" count="3" type="stmt"/>
        <line num="87" count="3" type="stmt"/>
        <line num="88" count="3" type="stmt"/>
        <line num="91" count="0" type="stmt"/>
        <line num="93" count="3" type="stmt"/>
        <line num="97" count="31" type="stmt"/>
        <line num="98" count="0" type="stmt"/>
        <line num="99" count="0" type="stmt"/>
        <line num="102" count="0" type="stmt"/>
        <line num="103" count="0" type="stmt"/>
        <line num="105" count="0" type="stmt"/>
        <line num="109" count="31" type="stmt"/>
        <line num="110" count="23" type="stmt"/>
        <line num="113" count="31" type="stmt"/>
        <line num="114" count="23" type="stmt"/>
        <line num="117" count="31" type="cond" truecount="2" falsecount="0"/>
        <line num="118" count="8" type="cond" truecount="1" falsecount="1"/>
        <line num="122" count="8" type="stmt"/>
        <line num="129" count="23" type="cond" truecount="1" falsecount="1"/>
        <line num="130" count="0" type="stmt"/>
        <line num="143" count="23" type="cond" truecount="2" falsecount="2"/>
        <line num="144" count="0" type="stmt"/>
        <line num="153" count="23" type="cond" truecount="1" falsecount="1"/>
        <line num="154" count="0" type="stmt"/>
        <line num="164" count="23" type="stmt"/>
      </file>
      <file name="ScoreDisplay.js" path="/home/runner/work/Quizly-1/Quizly-1/frontend/src/components/ScoreDisplay.js">
        <metrics statements="19" coveredstatements="19" conditionals="18" coveredconditionals="16" methods="7" coveredmethods="7"/>
        <line num="3" count="1" type="stmt"/>
        <line num="4" count="13" type="stmt"/>
        <line num="5" count="13" type="stmt"/>
        <line num="7" count="13" type="cond" truecount="2" falsecount="0"/>
        <line num="8" count="6" type="stmt"/>
        <line num="9" count="7" type="cond" truecount="2" falsecount="0"/>
        <line num="10" count="1" type="stmt"/>
        <line num="11" count="6" type="cond" truecount="2" falsecount="0"/>
        <line num="12" count="3" type="stmt"/>
        <line num="14" count="3" type="stmt"/>
        <line num="18" count="13" type="stmt"/>
        <line num="19" count="39" type="stmt"/>
        <line num="22" count="13" type="stmt"/>
        <line num="23" count="71" type="stmt"/>
        <line num="24" count="32" type="cond" truecount="1" falsecount="1"/>
        <line num="27" count="13" type="stmt"/>
        <line num="46" count="26" type="stmt"/>
        <line num="47" count="26" type="cond" truecount="1" falsecount="1"/>
        <line num="49" count="26" type="stmt"/>
      </file>
      <file name="SubjectSelection.js" path="/home/runner/work/Quizly-1/Quizly-1/frontend/src/components/SubjectSelection.js">
        <metrics statements="31" coveredstatements="28" conditionals="8" coveredconditionals="7" methods="8" coveredmethods="7"/>
        <line num="4" count="1" type="cond" truecount="2" falsecount="0"/>
        <line num="6" count="1" type="stmt"/>
        <line num="7" count="14" type="stmt"/>
        <line num="8" count="14" type="stmt"/>
        <line num="9" count="14" type="stmt"/>
        <line num="10" count="14" type="stmt"/>
        <line num="11" count="14" type="stmt"/>
        <line num="13" count="14" type="stmt"/>
        <line num="14" count="6" type="stmt"/>
        <line num="17" count="14" type="stmt"/>
        <line num="18" count="6" type="stmt"/>
        <line num="19" count="6" type="stmt"/>
        <line num="20" count="6" type="stmt"/>
        <line num="21" count="5" type="stmt"/>
        <line num="22" count="5" type="stmt"/>
        <line num="24" count="1" type="stmt"/>
        <line num="25" count="1" type="stmt"/>
        <line num="29" count="14" type="stmt"/>
        <line num="30" count="1" type="cond" truecount="1" falsecount="1"/>
        <line num="31" count="0" type="stmt"/>
        <line num="32" count="0" type="stmt"/>
        <line num="35" count="1" type="stmt"/>
        <line num="41" count="14" type="cond" truecount="2" falsecount="0"/>
        <line num="42" count="6" type="stmt"/>
        <line num="49" count="8" type="cond" truecount="2" falsecount="0"/>
        <line num="50" count="1" type="stmt"/>
        <line num="60" count="7" type="stmt"/>
        <line num="71" count="1" type="stmt"/>
        <line num="76" count="14" type="stmt"/>
        <line num="92" count="0" type="stmt"/>
        <line num="105" count="1" type="stmt"/>
      </file>
    </package>
  </project>
</coverage>
