{"/home/runner/work/Quizly-1/Quizly-1/frontend/src/App.js": {"path":"/home/runner/work/Quizly-1/Quizly-1/frontend/src/App.js","statementMap":{"0":{"start":{"line":7,"column":44},"end":{"line":7,"column":60}},"1":{"start":{"line":8,"column":38},"end":{"line":8,"column":52}},"2":{"start":{"line":10,"column":25},"end":{"line":12,"column":3}},"3":{"start":{"line":11,"column":4},"end":{"line":11,"column":34}},"4":{"start":{"line":14,"column":33},"end":{"line":17,"column":3}},"5":{"start":{"line":15,"column":4},"end":{"line":15,"column":26}},"6":{"start":{"line":16,"column":4},"end":{"line":16,"column":29}},"7":{"start":{"line":19,"column":22},"end":{"line":22,"column":3}},"8":{"start":{"line":20,"column":4},"end":{"line":20,"column":29}},"9":{"start":{"line":21,"column":4},"end":{"line":21,"column":24}},"10":{"start":{"line":24,"column":2},"end":{"line":48,"column":4}}},"fnMap":{"0":{"name":"App","decl":{"start":{"line":6,"column":9},"end":{"line":6,"column":12}},"loc":{"start":{"line":6,"column":15},"end":{"line":49,"column":1}},"line":6},"1":{"name":"(anonymous_1)","decl":{"start":{"line":10,"column":25},"end":{"line":10,"column":26}},"loc":{"start":{"line":10,"column":31},"end":{"line":12,"column":3}},"line":10},"2":{"name":"(anonymous_2)","decl":{"start":{"line":14,"column":33},"end":{"line":14,"column":34}},"loc":{"start":{"line":14,"column":45},"end":{"line":17,"column":3}},"line":14},"3":{"name":"(anonymous_3)","decl":{"start":{"line":19,"column":22},"end":{"line":19,"column":23}},"loc":{"start":{"line":19,"column":28},"end":{"line":22,"column":3}},"line":19}},"branchMap":{"0":{"loc":{"start":{"line":26,"column":7},"end":{"line":34,"column":7}},"type":"binary-expr","locations":[{"start":{"line":26,"column":7},"end":{"line":26,"column":31}},{"start":{"line":27,"column":8},"end":{"line":33,"column":14}}],"line":26},"1":{"loc":{"start":{"line":36,"column":7},"end":{"line":38,"column":7}},"type":"binary-expr","locations":[{"start":{"line":36,"column":7},"end":{"line":36,"column":36}},{"start":{"line":37,"column":8},"end":{"line":37,"column":73}}],"line":36},"2":{"loc":{"start":{"line":40,"column":7},"end":{"line":46,"column":7}},"type":"binary-expr","locations":[{"start":{"line":40,"column":7},"end":{"line":40,"column":31}},{"start":{"line":40,"column":35},"end":{"line":40,"column":45}},{"start":{"line":41,"column":8},"end":{"line":45,"column":10}}],"line":40}},"s":{"0":0,"1":0,"2":0,"3":0,"4":0,"5":0,"6":0,"7":0,"8":0,"9":0,"10":0},"f":{"0":0,"1":0,"2":0,"3":0},"b":{"0":[0,0],"1":[0,0],"2":[0,0,0]}}
,"/home/runner/work/Quizly-1/Quizly-1/frontend/src/index.js": {"path":"/home/runner/work/Quizly-1/Quizly-1/frontend/src/index.js","statementMap":{"0":{"start":{"line":6,"column":13},"end":{"line":6,"column":65}},"1":{"start":{"line":7,"column":0},"end":{"line":11,"column":2}}},"fnMap":{},"branchMap":{},"s":{"0":0,"1":0},"f":{},"b":{}}
,"/home/runner/work/Quizly-1/Quizly-1/frontend/src/components/Question.js": {"path":"/home/runner/work/Quizly-1/Quizly-1/frontend/src/components/Question.js","statementMap":{"0":{"start":{"line":3,"column":17},"end":{"line":72,"column":1}},"1":{"start":{"line":10,"column":28},"end":{"line":14,"column":3}},"2":{"start":{"line":11,"column":4},"end":{"line":13,"column":5}},"3":{"start":{"line":12,"column":6},"end":{"line":12,"column":44}},"4":{"start":{"line":16,"column":25},"end":{"line":32,"column":3}},"5":{"start":{"line":17,"column":20},"end":{"line":17,"column":35}},"6":{"start":{"line":19,"column":4},"end":{"line":21,"column":5}},"7":{"start":{"line":20,"column":6},"end":{"line":20,"column":31}},"8":{"start":{"line":23,"column":4},"end":{"line":29,"column":5}},"9":{"start":{"line":24,"column":6},"end":{"line":28,"column":7}},"10":{"start":{"line":25,"column":8},"end":{"line":25,"column":32}},"11":{"start":{"line":26,"column":13},"end":{"line":28,"column":7}},"12":{"start":{"line":27,"column":8},"end":{"line":27,"column":34}},"13":{"start":{"line":31,"column":4},"end":{"line":31,"column":21}},"14":{"start":{"line":34,"column":29},"end":{"line":49,"column":3}},"15":{"start":{"line":35,"column":4},"end":{"line":35,"column":54}},"16":{"start":{"line":35,"column":42},"end":{"line":35,"column":54}},"17":{"start":{"line":37,"column":22},"end":{"line":37,"column":64}},"18":{"start":{"line":38,"column":26},"end":{"line":38,"column":90}},"19":{"start":{"line":38,"column":55},"end":{"line":38,"column":89}},"20":{"start":{"line":40,"column":4},"end":{"line":48,"column":6}},"21":{"start":{"line":51,"column":2},"end":{"line":71,"column":4}},"22":{"start":{"line":57,"column":10},"end":{"line":65,"column":15}},"23":{"start":{"line":60,"column":29},"end":{"line":60,"column":57}}},"fnMap":{"0":{"name":"(anonymous_0)","decl":{"start":{"line":3,"column":17},"end":{"line":3,"column":18}},"loc":{"start":{"line":9,"column":6},"end":{"line":72,"column":1}},"line":9},"1":{"name":"(anonymous_1)","decl":{"start":{"line":10,"column":28},"end":{"line":10,"column":29}},"loc":{"start":{"line":10,"column":42},"end":{"line":14,"column":3}},"line":10},"2":{"name":"(anonymous_2)","decl":{"start":{"line":16,"column":25},"end":{"line":16,"column":26}},"loc":{"start":{"line":16,"column":37},"end":{"line":32,"column":3}},"line":16},"3":{"name":"(anonymous_3)","decl":{"start":{"line":34,"column":29},"end":{"line":34,"column":30}},"loc":{"start":{"line":34,"column":35},"end":{"line":49,"column":3}},"line":34},"4":{"name":"(anonymous_4)","decl":{"start":{"line":38,"column":48},"end":{"line":38,"column":49}},"loc":{"start":{"line":38,"column":55},"end":{"line":38,"column":89}},"line":38},"5":{"name":"(anonymous_5)","decl":{"start":{"line":56,"column":30},"end":{"line":56,"column":31}},"loc":{"start":{"line":57,"column":10},"end":{"line":65,"column":15}},"line":57},"6":{"name":"(anonymous_6)","decl":{"start":{"line":60,"column":23},"end":{"line":60,"column":24}},"loc":{"start":{"line":60,"column":29},"end":{"line":60,"column":57}},"line":60}},"branchMap":{"0":{"loc":{"start":{"line":11,"column":4},"end":{"line":13,"column":5}},"type":"if","locations":[{"start":{"line":11,"column":4},"end":{"line":13,"column":5}},{"start":{},"end":{}}],"line":11},"1":{"loc":{"start":{"line":19,"column":4},"end":{"line":21,"column":5}},"type":"if","locations":[{"start":{"line":19,"column":4},"end":{"line":21,"column":5}},{"start":{},"end":{}}],"line":19},"2":{"loc":{"start":{"line":23,"column":4},"end":{"line":29,"column":5}},"type":"if","locations":[{"start":{"line":23,"column":4},"end":{"line":29,"column":5}},{"start":{},"end":{}}],"line":23},"3":{"loc":{"start":{"line":24,"column":6},"end":{"line":28,"column":7}},"type":"if","locations":[{"start":{"line":24,"column":6},"end":{"line":28,"column":7}},{"start":{"line":26,"column":13},"end":{"line":28,"column":7}}],"line":24},"4":{"loc":{"start":{"line":26,"column":13},"end":{"line":28,"column":7}},"type":"if","locations":[{"start":{"line":26,"column":13},"end":{"line":28,"column":7}},{"start":{},"end":{}}],"line":26},"5":{"loc":{"start":{"line":26,"column":17},"end":{"line":26,"column":86}},"type":"binary-expr","locations":[{"start":{"line":26,"column":17},"end":{"line":26,"column":45}},{"start":{"line":26,"column":49},"end":{"line":26,"column":86}}],"line":26},"6":{"loc":{"start":{"line":35,"column":4},"end":{"line":35,"column":54}},"type":"if","locations":[{"start":{"line":35,"column":4},"end":{"line":35,"column":54}},{"start":{},"end":{}}],"line":35},"7":{"loc":{"start":{"line":35,"column":8},"end":{"line":35,"column":40}},"type":"binary-expr","locations":[{"start":{"line":35,"column":8},"end":{"line":35,"column":21}},{"start":{"line":35,"column":25},"end":{"line":35,"column":40}}],"line":35},"8":{"loc":{"start":{"line":41,"column":34},"end":{"line":41,"column":69}},"type":"cond-expr","locations":[{"start":{"line":41,"column":46},"end":{"line":41,"column":55}},{"start":{"line":41,"column":58},"end":{"line":41,"column":69}}],"line":41},"9":{"loc":{"start":{"line":42,"column":9},"end":{"line":46,"column":9}},"type":"cond-expr","locations":[{"start":{"line":43,"column":10},"end":{"line":43,"column":34}},{"start":{"line":45,"column":10},"end":{"line":45,"column":70}}],"line":42}},"s":{"0":2,"1":29,"2":8,"3":8,"4":29,"5":116,"6":116,"7":15,"8":116,"9":28,"10":7,"11":21,"12":1,"13":116,"14":29,"15":29,"16":22,"17":7,"18":7,"19":16,"20":7,"21":29,"22":116,"23":8},"f":{"0":29,"1":8,"2":116,"3":29,"4":16,"5":116,"6":8},"b":{"0":[8,0],"1":[15,101],"2":[28,88],"3":[7,21],"4":[1,20],"5":[21,1],"6":[22,7],"7":[29,7],"8":[6,1],"9":[6,1]},"_coverageSchema":"1a1c01bbd47fc00a2c39e90264f33305004495a9","hash":"82ee101e1fb3b670a52b2dbdf13c15dfffe89161"}
,"/home/runner/work/Quizly-1/Quizly-1/frontend/src/components/Quiz.js": {"path":"/home/runner/work/Quizly-1/Quizly-1/frontend/src/components/Quiz.js","statementMap":{"0":{"start":{"line":6,"column":21},"end":{"line":6,"column":44}},"1":{"start":{"line":8,"column":13},"end":{"line":197,"column":1}},"2":{"start":{"line":9,"column":36},"end":{"line":9,"column":48}},"3":{"start":{"line":10,"column":58},"end":{"line":10,"column":69}},"4":{"start":{"line":11,"column":32},"end":{"line":11,"column":44}},"5":{"start":{"line":12,"column":32},"end":{"line":12,"column":46}},"6":{"start":{"line":13,"column":28},"end":{"line":13,"column":42}},"7":{"start":{"line":14,"column":42},"end":{"line":14,"column":57}},"8":{"start":{"line":15,"column":32},"end":{"line":15,"column":46}},"9":{"start":{"line":16,"column":42},"end":{"line":16,"column":57}},"10":{"start":{"line":17,"column":46},"end":{"line":17,"column":60}},"11":{"start":{"line":18,"column":21},"end":{"line":18,"column":33}},"12":{"start":{"line":20,"column":2},"end":{"line":22,"column":25}},"13":{"start":{"line":21,"column":4},"end":{"line":21,"column":21}},"14":{"start":{"line":25,"column":2},"end":{"line":32,"column":29}},"15":{"start":{"line":26,"column":4},"end":{"line":31,"column":6}},"16":{"start":{"line":27,"column":6},"end":{"line":30,"column":7}},"17":{"start":{"line":28,"column":8},"end":{"line":28,"column":41}},"18":{"start":{"line":29,"column":8},"end":{"line":29,"column":34}},"19":{"start":{"line":34,"column":25},"end":{"line":58,"column":3}},"20":{"start":{"line":35,"column":4},"end":{"line":57,"column":5}},"21":{"start":{"line":36,"column":6},"end":{"line":36,"column":23}},"22":{"start":{"line":39,"column":6},"end":{"line":45,"column":7}},"23":{"start":{"line":41,"column":8},"end":{"line":41,"column":97}},"24":{"start":{"line":44,"column":8},"end":{"line":44,"column":96}},"25":{"start":{"line":47,"column":23},"end":{"line":47,"column":43}},"26":{"start":{"line":48,"column":6},"end":{"line":48,"column":34}},"27":{"start":{"line":49,"column":6},"end":{"line":49,"column":24}},"28":{"start":{"line":51,"column":6},"end":{"line":55,"column":7}},"29":{"start":{"line":52,"column":8},"end":{"line":52,"column":150}},"30":{"start":{"line":54,"column":8},"end":{"line":54,"column":70}},"31":{"start":{"line":56,"column":6},"end":{"line":56,"column":24}},"32":{"start":{"line":60,"column":29},"end":{"line":62,"column":3}},"33":{"start":{"line":61,"column":4},"end":{"line":61,"column":30}},"34":{"start":{"line":64,"column":29},"end":{"line":95,"column":3}},"35":{"start":{"line":65,"column":4},"end":{"line":65,"column":32}},"36":{"start":{"line":65,"column":25},"end":{"line":65,"column":32}},"37":{"start":{"line":68,"column":4},"end":{"line":71,"column":5}},"38":{"start":{"line":69,"column":6},"end":{"line":69,"column":39}},"39":{"start":{"line":70,"column":6},"end":{"line":70,"column":32}},"40":{"start":{"line":73,"column":28},"end":{"line":73,"column":59}},"41":{"start":{"line":74,"column":22},"end":{"line":78,"column":5}},"42":{"start":{"line":80,"column":4},"end":{"line":80,"column":40}},"43":{"start":{"line":81,"column":4},"end":{"line":81,"column":26}},"44":{"start":{"line":84,"column":4},"end":{"line":94,"column":13}},"45":{"start":{"line":85,"column":6},"end":{"line":92,"column":7}},"46":{"start":{"line":86,"column":8},"end":{"line":86,"column":58}},"47":{"start":{"line":87,"column":8},"end":{"line":87,"column":32}},"48":{"start":{"line":88,"column":8},"end":{"line":88,"column":31}},"49":{"start":{"line":91,"column":8},"end":{"line":91,"column":44}},"50":{"start":{"line":93,"column":6},"end":{"line":93,"column":32}},"51":{"start":{"line":97,"column":21},"end":{"line":107,"column":3}},"52":{"start":{"line":98,"column":4},"end":{"line":106,"column":5}},"53":{"start":{"line":99,"column":23},"end":{"line":101,"column":8}},"54":{"start":{"line":102,"column":6},"end":{"line":102,"column":32}},"55":{"start":{"line":103,"column":6},"end":{"line":103,"column":28}},"56":{"start":{"line":105,"column":6},"end":{"line":105,"column":59}},"57":{"start":{"line":109,"column":29},"end":{"line":111,"column":3}},"58":{"start":{"line":110,"column":4},"end":{"line":110,"column":43}},"59":{"start":{"line":113,"column":22},"end":{"line":115,"column":3}},"60":{"start":{"line":114,"column":4},"end":{"line":114,"column":65}},"61":{"start":{"line":117,"column":2},"end":{"line":127,"column":3}},"62":{"start":{"line":118,"column":27},"end":{"line":120,"column":42}},"63":{"start":{"line":122,"column":4},"end":{"line":126,"column":6}},"64":{"start":{"line":129,"column":2},"end":{"line":141,"column":3}},"65":{"start":{"line":130,"column":4},"end":{"line":140,"column":6}},"66":{"start":{"line":143,"column":2},"end":{"line":151,"column":3}},"67":{"start":{"line":144,"column":4},"end":{"line":150,"column":6}},"68":{"start":{"line":153,"column":2},"end":{"line":162,"column":3}},"69":{"start":{"line":154,"column":4},"end":{"line":161,"column":6}},"70":{"start":{"line":164,"column":2},"end":{"line":196,"column":4}}},"fnMap":{"0":{"name":"(anonymous_0)","decl":{"start":{"line":8,"column":13},"end":{"line":8,"column":14}},"loc":{"start":{"line":8,"column":50},"end":{"line":197,"column":1}},"line":8},"1":{"name":"(anonymous_1)","decl":{"start":{"line":20,"column":12},"end":{"line":20,"column":13}},"loc":{"start":{"line":20,"column":18},"end":{"line":22,"column":3}},"line":20},"2":{"name":"(anonymous_2)","decl":{"start":{"line":25,"column":12},"end":{"line":25,"column":13}},"loc":{"start":{"line":25,"column":18},"end":{"line":32,"column":3}},"line":25},"3":{"name":"(anonymous_3)","decl":{"start":{"line":26,"column":11},"end":{"line":26,"column":12}},"loc":{"start":{"line":26,"column":17},"end":{"line":31,"column":5}},"line":26},"4":{"name":"(anonymous_4)","decl":{"start":{"line":34,"column":25},"end":{"line":34,"column":26}},"loc":{"start":{"line":34,"column":37},"end":{"line":58,"column":3}},"line":34},"5":{"name":"(anonymous_5)","decl":{"start":{"line":60,"column":29},"end":{"line":60,"column":30}},"loc":{"start":{"line":60,"column":53},"end":{"line":62,"column":3}},"line":60},"6":{"name":"(anonymous_6)","decl":{"start":{"line":64,"column":29},"end":{"line":64,"column":30}},"loc":{"start":{"line":64,"column":35},"end":{"line":95,"column":3}},"line":64},"7":{"name":"(anonymous_7)","decl":{"start":{"line":84,"column":36},"end":{"line":84,"column":37}},"loc":{"start":{"line":84,"column":42},"end":{"line":94,"column":5}},"line":84},"8":{"name":"(anonymous_8)","decl":{"start":{"line":97,"column":21},"end":{"line":97,"column":22}},"loc":{"start":{"line":97,"column":45},"end":{"line":107,"column":3}},"line":97},"9":{"name":"(anonymous_9)","decl":{"start":{"line":109,"column":29},"end":{"line":109,"column":30}},"loc":{"start":{"line":109,"column":35},"end":{"line":111,"column":3}},"line":109},"10":{"name":"(anonymous_10)","decl":{"start":{"line":113,"column":22},"end":{"line":113,"column":23}},"loc":{"start":{"line":113,"column":28},"end":{"line":115,"column":3}},"line":113}},"branchMap":{"0":{"loc":{"start":{"line":27,"column":6},"end":{"line":30,"column":7}},"type":"if","locations":[{"start":{"line":27,"column":6},"end":{"line":30,"column":7}},{"start":{},"end":{}}],"line":27},"1":{"loc":{"start":{"line":39,"column":6},"end":{"line":45,"column":7}},"type":"if","locations":[{"start":{"line":39,"column":6},"end":{"line":45,"column":7}},{"start":{"line":42,"column":13},"end":{"line":45,"column":7}}],"line":39},"2":{"loc":{"start":{"line":51,"column":6},"end":{"line":55,"column":7}},"type":"if","locations":[{"start":{"line":51,"column":6},"end":{"line":55,"column":7}},{"start":{"line":53,"column":13},"end":{"line":55,"column":7}}],"line":51},"3":{"loc":{"start":{"line":65,"column":4},"end":{"line":65,"column":32}},"type":"if","locations":[{"start":{"line":65,"column":4},"end":{"line":65,"column":32}},{"start":{},"end":{}}],"line":65},"4":{"loc":{"start":{"line":68,"column":4},"end":{"line":71,"column":5}},"type":"if","locations":[{"start":{"line":68,"column":4},"end":{"line":71,"column":5}},{"start":{},"end":{}}],"line":68},"5":{"loc":{"start":{"line":85,"column":6},"end":{"line":92,"column":7}},"type":"if","locations":[{"start":{"line":85,"column":6},"end":{"line":92,"column":7}},{"start":{"line":89,"column":13},"end":{"line":92,"column":7}}],"line":85},"6":{"loc":{"start":{"line":117,"column":2},"end":{"line":127,"column":3}},"type":"if","locations":[{"start":{"line":117,"column":2},"end":{"line":127,"column":3}},{"start":{},"end":{}}],"line":117},"7":{"loc":{"start":{"line":118,"column":27},"end":{"line":120,"column":42}},"type":"cond-expr","locations":[{"start":{"line":119,"column":8},"end":{"line":119,"column":54}},{"start":{"line":120,"column":8},"end":{"line":120,"column":42}}],"line":118},"8":{"loc":{"start":{"line":129,"column":2},"end":{"line":141,"column":3}},"type":"if","locations":[{"start":{"line":129,"column":2},"end":{"line":141,"column":3}},{"start":{},"end":{}}],"line":129},"9":{"loc":{"start":{"line":143,"column":2},"end":{"line":151,"column":3}},"type":"if","locations":[{"start":{"line":143,"column":2},"end":{"line":151,"column":3}},{"start":{},"end":{}}],"line":143},"10":{"loc":{"start":{"line":143,"column":6},"end":{"line":143,"column":29}},"type":"binary-expr","locations":[{"start":{"line":143,"column":6},"end":{"line":143,"column":18}},{"start":{"line":143,"column":22},"end":{"line":143,"column":29}}],"line":143},"11":{"loc":{"start":{"line":153,"column":2},"end":{"line":162,"column":3}},"type":"if","locations":[{"start":{"line":153,"column":2},"end":{"line":162,"column":3}},{"start":{},"end":{}}],"line":153},"12":{"loc":{"start":{"line":186,"column":7},"end":{"line":194,"column":7}},"type":"binary-expr","locations":[{"start":{"line":186,"column":7},"end":{"line":186,"column":20}},{"start":{"line":187,"column":8},"end":{"line":193,"column":17}}],"line":186}},"s":{"0":1,"1":1,"2":31,"3":31,"4":31,"5":31,"6":31,"7":31,"8":31,"9":31,"10":31,"11":31,"12":31,"13":7,"14":31,"15":9,"16":9,"17":1,"18":1,"19":31,"20":7,"21":7,"22":7,"23":0,"24":7,"25":7,"26":7,"27":7,"28":0,"29":0,"30":0,"31":0,"32":31,"33":7,"34":31,"35":4,"36":0,"37":4,"38":0,"39":0,"40":4,"41":4,"42":4,"43":4,"44":4,"45":3,"46":3,"47":3,"48":3,"49":0,"50":3,"51":31,"52":0,"53":0,"54":0,"55":0,"56":0,"57":31,"58":23,"59":31,"60":23,"61":31,"62":8,"63":8,"64":23,"65":0,"66":23,"67":0,"68":23,"69":0,"70":23},"f":{"0":31,"1":7,"2":9,"3":9,"4":7,"5":7,"6":4,"7":3,"8":0,"9":23,"10":23},"b":{"0":[1,8],"1":[0,7],"2":[0,0],"3":[0,4],"4":[0,4],"5":[3,0],"6":[8,23],"7":[0,8],"8":[0,23],"9":[0,23],"10":[23,0],"11":[0,23],"12":[23,18]},"_coverageSchema":"1a1c01bbd47fc00a2c39e90264f33305004495a9","hash":"764c0b0b72c5c3ae347694f5768b10b92b4ad292"}
,"/home/runner/work/Quizly-1/Quizly-1/frontend/src/components/ScoreDisplay.js": {"path":"/home/runner/work/Quizly-1/Quizly-1/frontend/src/components/ScoreDisplay.js","statementMap":{"0":{"start":{"line":3,"column":21},"end":{"line":87,"column":1}},"1":{"start":{"line":4,"column":26},"end":{"line":16,"column":3}},"2":{"start":{"line":5,"column":23},"end":{"line":5,"column":47}},"3":{"start":{"line":7,"column":4},"end":{"line":15,"column":5}},"4":{"start":{"line":8,"column":6},"end":{"line":8,"column":51}},"5":{"start":{"line":9,"column":11},"end":{"line":15,"column":5}},"6":{"start":{"line":10,"column":6},"end":{"line":10,"column":40}},"7":{"start":{"line":11,"column":11},"end":{"line":15,"column":5}},"8":{"start":{"line":12,"column":6},"end":{"line":12,"column":48}},"9":{"start":{"line":14,"column":6},"end":{"line":14,"column":47}},"10":{"start":{"line":18,"column":26},"end":{"line":20,"column":3}},"11":{"start":{"line":19,"column":4},"end":{"line":19,"column":52}},"12":{"start":{"line":19,"column":31},"end":{"line":19,"column":50}},"13":{"start":{"line":22,"column":24},"end":{"line":25,"column":3}},"14":{"start":{"line":23,"column":19},"end":{"line":23,"column":69}},"15":{"start":{"line":23,"column":49},"end":{"line":23,"column":68}},"16":{"start":{"line":24,"column":4},"end":{"line":24,"column":37}},"17":{"start":{"line":27,"column":2},"end":{"line":86,"column":4}},"18":{"start":{"line":46,"column":29},"end":{"line":46,"column":64}},"19":{"start":{"line":47,"column":12},"end":{"line":47,"column":39}},"20":{"start":{"line":47,"column":27},"end":{"line":47,"column":39}},"21":{"start":{"line":49,"column":12},"end":{"line":75,"column":14}}},"fnMap":{"0":{"name":"(anonymous_0)","decl":{"start":{"line":3,"column":21},"end":{"line":3,"column":22}},"loc":{"start":{"line":3,"column":60},"end":{"line":87,"column":1}},"line":3},"1":{"name":"(anonymous_1)","decl":{"start":{"line":4,"column":26},"end":{"line":4,"column":27}},"loc":{"start":{"line":4,"column":32},"end":{"line":16,"column":3}},"line":4},"2":{"name":"(anonymous_2)","decl":{"start":{"line":18,"column":26},"end":{"line":18,"column":27}},"loc":{"start":{"line":18,"column":42},"end":{"line":20,"column":3}},"line":18},"3":{"name":"(anonymous_3)","decl":{"start":{"line":19,"column":26},"end":{"line":19,"column":27}},"loc":{"start":{"line":19,"column":31},"end":{"line":19,"column":50}},"line":19},"4":{"name":"(anonymous_4)","decl":{"start":{"line":22,"column":24},"end":{"line":22,"column":25}},"loc":{"start":{"line":22,"column":48},"end":{"line":25,"column":3}},"line":22},"5":{"name":"(anonymous_5)","decl":{"start":{"line":23,"column":42},"end":{"line":23,"column":43}},"loc":{"start":{"line":23,"column":49},"end":{"line":23,"column":68}},"line":23},"6":{"name":"(anonymous_6)","decl":{"start":{"line":45,"column":31},"end":{"line":45,"column":32}},"loc":{"start":{"line":45,"column":50},"end":{"line":76,"column":11}},"line":45}},"branchMap":{"0":{"loc":{"start":{"line":7,"column":4},"end":{"line":15,"column":5}},"type":"if","locations":[{"start":{"line":7,"column":4},"end":{"line":15,"column":5}},{"start":{"line":9,"column":11},"end":{"line":15,"column":5}}],"line":7},"1":{"loc":{"start":{"line":9,"column":11},"end":{"line":15,"column":5}},"type":"if","locations":[{"start":{"line":9,"column":11},"end":{"line":15,"column":5}},{"start":{"line":11,"column":11},"end":{"line":15,"column":5}}],"line":9},"2":{"loc":{"start":{"line":11,"column":11},"end":{"line":15,"column":5}},"type":"if","locations":[{"start":{"line":11,"column":11},"end":{"line":15,"column":5}},{"start":{"line":13,"column":11},"end":{"line":15,"column":5}}],"line":11},"3":{"loc":{"start":{"line":24,"column":11},"end":{"line":24,"column":36}},"type":"binary-expr","locations":[{"start":{"line":24,"column":11},"end":{"line":24,"column":23}},{"start":{"line":24,"column":27},"end":{"line":24,"column":36}}],"line":24},"4":{"loc":{"start":{"line":47,"column":12},"end":{"line":47,"column":39}},"type":"if","locations":[{"start":{"line":47,"column":12},"end":{"line":47,"column":39}},{"start":{},"end":{}}],"line":47},"5":{"loc":{"start":{"line":55,"column":35},"end":{"line":55,"column":76}},"type":"cond-expr","locations":[{"start":{"line":55,"column":55},"end":{"line":55,"column":64}},{"start":{"line":55,"column":67},"end":{"line":55,"column":76}}],"line":55},"6":{"loc":{"start":{"line":56,"column":39},"end":{"line":56,"column":80}},"type":"cond-expr","locations":[{"start":{"line":56,"column":59},"end":{"line":56,"column":68}},{"start":{"line":56,"column":71},"end":{"line":56,"column":80}}],"line":56},"7":{"loc":{"start":{"line":66,"column":19},"end":{"line":66,"column":50}},"type":"cond-expr","locations":[{"start":{"line":66,"column":39},"end":{"line":66,"column":43}},{"start":{"line":66,"column":46},"end":{"line":66,"column":50}}],"line":66},"8":{"loc":{"start":{"line":69,"column":17},"end":{"line":73,"column":17}},"type":"binary-expr","locations":[{"start":{"line":69,"column":17},"end":{"line":69,"column":35}},{"start":{"line":70,"column":18},"end":{"line":72,"column":22}}],"line":69}},"s":{"0":1,"1":13,"2":13,"3":13,"4":6,"5":7,"6":1,"7":6,"8":3,"9":3,"10":13,"11":26,"12":39,"13":13,"14":32,"15":71,"16":32,"17":13,"18":26,"19":26,"20":0,"21":26},"f":{"0":13,"1":13,"2":26,"3":39,"4":32,"5":71,"6":26},"b":{"0":[6,7],"1":[1,6],"2":[3,3],"3":[32,0],"4":[0,26],"5":[20,6],"6":[20,6],"7":[20,6],"8":[26,6]},"_coverageSchema":"1a1c01bbd47fc00a2c39e90264f33305004495a9","hash":"5d3b13e5eb1cecf560bd10f9cb07c7bf1c80b4da"}
,"/home/runner/work/Quizly-1/Quizly-1/frontend/src/components/SubjectSelection.js": {"path":"/home/runner/work/Quizly-1/Quizly-1/frontend/src/components/SubjectSelection.js","statementMap":{"0":{"start":{"line":4,"column":21},"end":{"line":4,"column":82}},"1":{"start":{"line":6,"column":25},"end":{"line":125,"column":1}},"2":{"start":{"line":7,"column":38},"end":{"line":7,"column":50}},"3":{"start":{"line":8,"column":50},"end":{"line":8,"column":62}},"4":{"start":{"line":9,"column":46},"end":{"line":9,"column":66}},"5":{"start":{"line":10,"column":32},"end":{"line":10,"column":46}},"6":{"start":{"line":11,"column":28},"end":{"line":11,"column":42}},"7":{"start":{"line":13,"column":2},"end":{"line":15,"column":9}},"8":{"start":{"line":14,"column":4},"end":{"line":14,"column":22}},"9":{"start":{"line":17,"column":26},"end":{"line":27,"column":3}},"10":{"start":{"line":18,"column":4},"end":{"line":26,"column":5}},"11":{"start":{"line":19,"column":6},"end":{"line":19,"column":23}},"12":{"start":{"line":20,"column":23},"end":{"line":20,"column":72}},"13":{"start":{"line":21,"column":6},"end":{"line":21,"column":46}},"14":{"start":{"line":22,"column":6},"end":{"line":22,"column":24}},"15":{"start":{"line":24,"column":6},"end":{"line":24,"column":69}},"16":{"start":{"line":25,"column":6},"end":{"line":25,"column":24}},"17":{"start":{"line":29,"column":26},"end":{"line":39,"column":3}},"18":{"start":{"line":30,"column":4},"end":{"line":33,"column":5}},"19":{"start":{"line":31,"column":6},"end":{"line":31,"column":55}},"20":{"start":{"line":32,"column":6},"end":{"line":32,"column":13}},"21":{"start":{"line":35,"column":4},"end":{"line":38,"column":7}},"22":{"start":{"line":41,"column":2},"end":{"line":47,"column":3}},"23":{"start":{"line":42,"column":4},"end":{"line":46,"column":6}},"24":{"start":{"line":49,"column":2},"end":{"line":58,"column":3}},"25":{"start":{"line":50,"column":4},"end":{"line":57,"column":6}},"26":{"start":{"line":60,"column":2},"end":{"line":124,"column":4}},"27":{"start":{"line":71,"column":29},"end":{"line":71,"column":64}},"28":{"start":{"line":76,"column":14},"end":{"line":78,"column":23}},"29":{"start":{"line":92,"column":33},"end":{"line":92,"column":66}},"30":{"start":{"line":105,"column":33},"end":{"line":105,"column":66}}},"fnMap":{"0":{"name":"(anonymous_0)","decl":{"start":{"line":6,"column":25},"end":{"line":6,"column":26}},"loc":{"start":{"line":6,"column":54},"end":{"line":125,"column":1}},"line":6},"1":{"name":"(anonymous_1)","decl":{"start":{"line":13,"column":12},"end":{"line":13,"column":13}},"loc":{"start":{"line":13,"column":18},"end":{"line":15,"column":3}},"line":13},"2":{"name":"(anonymous_2)","decl":{"start":{"line":17,"column":26},"end":{"line":17,"column":27}},"loc":{"start":{"line":17,"column":38},"end":{"line":27,"column":3}},"line":17},"3":{"name":"(anonymous_3)","decl":{"start":{"line":29,"column":26},"end":{"line":29,"column":27}},"loc":{"start":{"line":29,"column":32},"end":{"line":39,"column":3}},"line":29},"4":{"name":"(anonymous_4)","decl":{"start":{"line":71,"column":22},"end":{"line":71,"column":23}},"loc":{"start":{"line":71,"column":29},"end":{"line":71,"column":64}},"line":71},"5":{"name":"(anonymous_5)","decl":{"start":{"line":75,"column":28},"end":{"line":75,"column":29}},"loc":{"start":{"line":76,"column":14},"end":{"line":78,"column":23}},"line":76},"6":{"name":"(anonymous_6)","decl":{"start":{"line":92,"column":26},"end":{"line":92,"column":27}},"loc":{"start":{"line":92,"column":33},"end":{"line":92,"column":66}},"line":92},"7":{"name":"(anonymous_7)","decl":{"start":{"line":105,"column":26},"end":{"line":105,"column":27}},"loc":{"start":{"line":105,"column":33},"end":{"line":105,"column":66}},"line":105}},"branchMap":{"0":{"loc":{"start":{"line":4,"column":21},"end":{"line":4,"column":82}},"type":"binary-expr","locations":[{"start":{"line":4,"column":21},"end":{"line":4,"column":55}},{"start":{"line":4,"column":59},"end":{"line":4,"column":82}}],"line":4},"1":{"loc":{"start":{"line":30,"column":4},"end":{"line":33,"column":5}},"type":"if","locations":[{"start":{"line":30,"column":4},"end":{"line":33,"column":5}},{"start":{},"end":{}}],"line":30},"2":{"loc":{"start":{"line":41,"column":2},"end":{"line":47,"column":3}},"type":"if","locations":[{"start":{"line":41,"column":2},"end":{"line":47,"column":3}},{"start":{},"end":{}}],"line":41},"3":{"loc":{"start":{"line":49,"column":2},"end":{"line":58,"column":3}},"type":"if","locations":[{"start":{"line":49,"column":2},"end":{"line":58,"column":3}},{"start":{},"end":{}}],"line":49}},"s":{"0":1,"1":1,"2":14,"3":14,"4":14,"5":14,"6":14,"7":14,"8":6,"9":14,"10":6,"11":6,"12":6,"13":5,"14":5,"15":1,"16":1,"17":14,"18":1,"19":0,"20":0,"21":1,"22":14,"23":6,"24":8,"25":1,"26":7,"27":1,"28":14,"29":0,"30":1},"f":{"0":14,"1":6,"2":6,"3":1,"4":1,"5":14,"6":0,"7":1},"b":{"0":[1,1],"1":[0,1],"2":[6,8],"3":[1,7]},"_coverageSchema":"1a1c01bbd47fc00a2c39e90264f33305004495a9","hash":"9109dae290c2eec00e50b4ebe4c4df2661052f1f"}
}
