{"/app/frontend/src/App.js": {"path":"/app/frontend/src/App.js","statementMap":{"0":{"start":{"line":8,"column":44},"end":{"line":8,"column":60}},"1":{"start":{"line":9,"column":38},"end":{"line":9,"column":52}},"2":{"start":{"line":10,"column":36},"end":{"line":10,"column":50}},"3":{"start":{"line":12,"column":2},"end":{"line":30,"column":9}},"4":{"start":{"line":14,"column":22},"end":{"line":19,"column":5}},"5":{"start":{"line":15,"column":19},"end":{"line":15,"column":48}},"6":{"start":{"line":16,"column":6},"end":{"line":18,"column":7}},"7":{"start":{"line":17,"column":8},"end":{"line":17,"column":34}},"8":{"start":{"line":21,"column":4},"end":{"line":21,"column":16}},"9":{"start":{"line":22,"column":4},"end":{"line":22,"column":53}},"10":{"start":{"line":25,"column":4},"end":{"line":25,"column":21}},"11":{"start":{"line":27,"column":4},"end":{"line":29,"column":6}},"12":{"start":{"line":28,"column":6},"end":{"line":28,"column":58}},"13":{"start":{"line":32,"column":25},"end":{"line":42,"column":3}},"14":{"start":{"line":33,"column":4},"end":{"line":41,"column":5}},"15":{"start":{"line":34,"column":23},"end":{"line":34,"column":117}},"16":{"start":{"line":35,"column":6},"end":{"line":38,"column":7}},"17":{"start":{"line":36,"column":21},"end":{"line":36,"column":42}},"18":{"start":{"line":37,"column":8},"end":{"line":37,"column":34}},"19":{"start":{"line":40,"column":6},"end":{"line":40,"column":58}},"20":{"start":{"line":44,"column":25},"end":{"line":47,"column":3}},"21":{"start":{"line":45,"column":4},"end":{"line":45,"column":34}},"22":{"start":{"line":46,"column":4},"end":{"line":46,"column":30}},"23":{"start":{"line":49,"column":33},"end":{"line":52,"column":3}},"24":{"start":{"line":50,"column":4},"end":{"line":50,"column":26}},"25":{"start":{"line":51,"column":4},"end":{"line":51,"column":29}},"26":{"start":{"line":54,"column":22},"end":{"line":58,"column":3}},"27":{"start":{"line":55,"column":4},"end":{"line":55,"column":29}},"28":{"start":{"line":56,"column":4},"end":{"line":56,"column":24}},"29":{"start":{"line":57,"column":4},"end":{"line":57,"column":30}},"30":{"start":{"line":60,"column":20},"end":{"line":63,"column":3}},"31":{"start":{"line":61,"column":4},"end":{"line":61,"column":30}},"32":{"start":{"line":62,"column":4},"end":{"line":62,"column":35}},"33":{"start":{"line":65,"column":17},"end":{"line":69,"column":3}},"34":{"start":{"line":66,"column":4},"end":{"line":66,"column":29}},"35":{"start":{"line":67,"column":4},"end":{"line":67,"column":24}},"36":{"start":{"line":68,"column":4},"end":{"line":68,"column":30}},"37":{"start":{"line":71,"column":2},"end":{"line":110,"column":4}}},"fnMap":{"0":{"name":"App","decl":{"start":{"line":7,"column":9},"end":{"line":7,"column":12}},"loc":{"start":{"line":7,"column":15},"end":{"line":111,"column":1}},"line":7},"1":{"name":"(anonymous_1)","decl":{"start":{"line":12,"column":12},"end":{"line":12,"column":13}},"loc":{"start":{"line":12,"column":18},"end":{"line":30,"column":3}},"line":12},"2":{"name":"(anonymous_2)","decl":{"start":{"line":14,"column":22},"end":{"line":14,"column":23}},"loc":{"start":{"line":14,"column":28},"end":{"line":19,"column":5}},"line":14},"3":{"name":"(anonymous_3)","decl":{"start":{"line":27,"column":11},"end":{"line":27,"column":12}},"loc":{"start":{"line":27,"column":17},"end":{"line":29,"column":5}},"line":27},"4":{"name":"(anonymous_4)","decl":{"start":{"line":32,"column":25},"end":{"line":32,"column":26}},"loc":{"start":{"line":32,"column":37},"end":{"line":42,"column":3}},"line":32},"5":{"name":"(anonymous_5)","decl":{"start":{"line":44,"column":25},"end":{"line":44,"column":26}},"loc":{"start":{"line":44,"column":31},"end":{"line":47,"column":3}},"line":44},"6":{"name":"(anonymous_6)","decl":{"start":{"line":49,"column":33},"end":{"line":49,"column":34}},"loc":{"start":{"line":49,"column":45},"end":{"line":52,"column":3}},"line":49},"7":{"name":"(anonymous_7)","decl":{"start":{"line":54,"column":22},"end":{"line":54,"column":23}},"loc":{"start":{"line":54,"column":28},"end":{"line":58,"column":3}},"line":54},"8":{"name":"(anonymous_8)","decl":{"start":{"line":60,"column":20},"end":{"line":60,"column":21}},"loc":{"start":{"line":60,"column":26},"end":{"line":63,"column":3}},"line":60},"9":{"name":"(anonymous_9)","decl":{"start":{"line":65,"column":17},"end":{"line":65,"column":18}},"loc":{"start":{"line":65,"column":23},"end":{"line":69,"column":3}},"line":65}},"branchMap":{"0":{"loc":{"start":{"line":16,"column":6},"end":{"line":18,"column":7}},"type":"if","locations":[{"start":{"line":16,"column":6},"end":{"line":18,"column":7}},{"start":{},"end":{}}],"line":16},"1":{"loc":{"start":{"line":34,"column":38},"end":{"line":34,"column":99}},"type":"binary-expr","locations":[{"start":{"line":34,"column":38},"end":{"line":34,"column":72}},{"start":{"line":34,"column":76},"end":{"line":34,"column":99}}],"line":34},"2":{"loc":{"start":{"line":35,"column":6},"end":{"line":38,"column":7}},"type":"if","locations":[{"start":{"line":35,"column":6},"end":{"line":38,"column":7}},{"start":{},"end":{}}],"line":35},"3":{"loc":{"start":{"line":73,"column":7},"end":{"line":92,"column":7}},"type":"binary-expr","locations":[{"start":{"line":73,"column":7},"end":{"line":73,"column":31}},{"start":{"line":74,"column":8},"end":{"line":91,"column":14}}],"line":73},"4":{"loc":{"start":{"line":77,"column":11},"end":{"line":84,"column":11}},"type":"binary-expr","locations":[{"start":{"line":77,"column":11},"end":{"line":77,"column":20}},{"start":{"line":78,"column":12},"end":{"line":83,"column":18}}],"line":77},"5":{"loc":{"start":{"line":81,"column":18},"end":{"line":81,"column":103}},"type":"cond-expr","locations":[{"start":{"line":81,"column":56},"end":{"line":81,"column":78}},{"start":{"line":81,"column":81},"end":{"line":81,"column":103}}],"line":81},"6":{"loc":{"start":{"line":94,"column":7},"end":{"line":96,"column":7}},"type":"binary-expr","locations":[{"start":{"line":94,"column":7},"end":{"line":94,"column":36}},{"start":{"line":95,"column":8},"end":{"line":95,"column":73}}],"line":94},"7":{"loc":{"start":{"line":98,"column":7},"end":{"line":104,"column":7}},"type":"binary-expr","locations":[{"start":{"line":98,"column":7},"end":{"line":98,"column":31}},{"start":{"line":98,"column":35},"end":{"line":98,"column":45}},{"start":{"line":99,"column":8},"end":{"line":103,"column":10}}],"line":98},"8":{"loc":{"start":{"line":106,"column":7},"end":{"line":108,"column":7}},"type":"binary-expr","locations":[{"start":{"line":106,"column":7},"end":{"line":106,"column":32}},{"start":{"line":107,"column":8},"end":{"line":107,"column":40}}],"line":106}},"s":{"0":0,"1":0,"2":0,"3":0,"4":0,"5":0,"6":0,"7":0,"8":0,"9":0,"10":0,"11":0,"12":0,"13":0,"14":0,"15":0,"16":0,"17":0,"18":0,"19":0,"20":0,"21":0,"22":0,"23":0,"24":0,"25":0,"26":0,"27":0,"28":0,"29":0,"30":0,"31":0,"32":0,"33":0,"34":0,"35":0,"36":0,"37":0},"f":{"0":0,"1":0,"2":0,"3":0,"4":0,"5":0,"6":0,"7":0,"8":0,"9":0},"b":{"0":[0,0],"1":[0,0],"2":[0,0],"3":[0,0],"4":[0,0],"5":[0,0],"6":[0,0],"7":[0,0,0],"8":[0,0]}}
,"/app/frontend/src/components/AdminPanel.js": {"path":"/app/frontend/src/components/AdminPanel.js","statementMap":{"0":{"start":{"line":6,"column":19},"end":{"line":53,"column":1}},"1":{"start":{"line":7,"column":36},"end":{"line":7,"column":57}},"2":{"start":{"line":9,"column":2},"end":{"line":52,"column":4}},"3":{"start":{"line":22,"column":25},"end":{"line":22,"column":50}},"4":{"start":{"line":28,"column":25},"end":{"line":28,"column":44}},"5":{"start":{"line":34,"column":25},"end":{"line":34,"column":48}}},"fnMap":{"0":{"name":"(anonymous_0)","decl":{"start":{"line":6,"column":19},"end":{"line":6,"column":20}},"loc":{"start":{"line":6,"column":37},"end":{"line":53,"column":1}},"line":6},"1":{"name":"(anonymous_1)","decl":{"start":{"line":22,"column":19},"end":{"line":22,"column":20}},"loc":{"start":{"line":22,"column":25},"end":{"line":22,"column":50}},"line":22},"2":{"name":"(anonymous_2)","decl":{"start":{"line":28,"column":19},"end":{"line":28,"column":20}},"loc":{"start":{"line":28,"column":25},"end":{"line":28,"column":44}},"line":28},"3":{"name":"(anonymous_3)","decl":{"start":{"line":34,"column":19},"end":{"line":34,"column":20}},"loc":{"start":{"line":34,"column":25},"end":{"line":34,"column":48}},"line":34}},"branchMap":{"0":{"loc":{"start":{"line":21,"column":35},"end":{"line":21,"column":76}},"type":"cond-expr","locations":[{"start":{"line":21,"column":63},"end":{"line":21,"column":71}},{"start":{"line":21,"column":74},"end":{"line":21,"column":76}}],"line":21},"1":{"loc":{"start":{"line":27,"column":35},"end":{"line":27,"column":70}},"type":"cond-expr","locations":[{"start":{"line":27,"column":57},"end":{"line":27,"column":65}},{"start":{"line":27,"column":68},"end":{"line":27,"column":70}}],"line":27},"2":{"loc":{"start":{"line":33,"column":35},"end":{"line":33,"column":74}},"type":"cond-expr","locations":[{"start":{"line":33,"column":61},"end":{"line":33,"column":69}},{"start":{"line":33,"column":72},"end":{"line":33,"column":74}}],"line":33},"3":{"loc":{"start":{"line":41,"column":9},"end":{"line":43,"column":9}},"type":"binary-expr","locations":[{"start":{"line":41,"column":9},"end":{"line":41,"column":34}},{"start":{"line":42,"column":10},"end":{"line":42,"column":46}}],"line":41},"4":{"loc":{"start":{"line":44,"column":9},"end":{"line":46,"column":9}},"type":"binary-expr","locations":[{"start":{"line":44,"column":9},"end":{"line":44,"column":28}},{"start":{"line":45,"column":10},"end":{"line":45,"column":25}}],"line":44},"5":{"loc":{"start":{"line":47,"column":9},"end":{"line":49,"column":9}},"type":"binary-expr","locations":[{"start":{"line":47,"column":9},"end":{"line":47,"column":32}},{"start":{"line":48,"column":10},"end":{"line":48,"column":29}}],"line":47}},"s":{"0":0,"1":0,"2":0,"3":0,"4":0,"5":0},"f":{"0":0,"1":0,"2":0,"3":0},"b":{"0":[0,0],"1":[0,0],"2":[0,0],"3":[0,0],"4":[0,0],"5":[0,0]}}
,"/app/frontend/src/components/AdminQuestions.js": {"path":"/app/frontend/src/components/AdminQuestions.js","statementMap":{"0":{"start":{"line":4,"column":21},"end":{"line":4,"column":82}},"1":{"start":{"line":6,"column":23},"end":{"line":272,"column":1}},"2":{"start":{"line":7,"column":36},"end":{"line":7,"column":48}},"3":{"start":{"line":8,"column":32},"end":{"line":8,"column":46}},"4":{"start":{"line":9,"column":28},"end":{"line":9,"column":42}},"5":{"start":{"line":10,"column":36},"end":{"line":10,"column":50}},"6":{"start":{"line":11,"column":34},"end":{"line":11,"column":46}},"7":{"start":{"line":12,"column":38},"end":{"line":12,"column":50}},"8":{"start":{"line":14,"column":2},"end":{"line":16,"column":9}},"9":{"start":{"line":15,"column":4},"end":{"line":15,"column":24}},"10":{"start":{"line":18,"column":28},"end":{"line":31,"column":3}},"11":{"start":{"line":19,"column":4},"end":{"line":30,"column":5}},"12":{"start":{"line":20,"column":6},"end":{"line":20,"column":23}},"13":{"start":{"line":21,"column":6},"end":{"line":21,"column":21}},"14":{"start":{"line":23,"column":23},"end":{"line":23,"column":82}},"15":{"start":{"line":24,"column":6},"end":{"line":24,"column":34}},"16":{"start":{"line":26,"column":6},"end":{"line":26,"column":68}},"17":{"start":{"line":27,"column":6},"end":{"line":27,"column":54}},"18":{"start":{"line":29,"column":6},"end":{"line":29,"column":24}},"19":{"start":{"line":33,"column":26},"end":{"line":41,"column":3}},"20":{"start":{"line":34,"column":4},"end":{"line":34,"column":30}},"21":{"start":{"line":35,"column":4},"end":{"line":40,"column":7}},"22":{"start":{"line":37,"column":44},"end":{"line":37,"column":54}},"23":{"start":{"line":43,"column":27},"end":{"line":47,"column":3}},"24":{"start":{"line":44,"column":4},"end":{"line":44,"column":23}},"25":{"start":{"line":45,"column":4},"end":{"line":45,"column":20}},"26":{"start":{"line":46,"column":4},"end":{"line":46,"column":60}},"27":{"start":{"line":46,"column":27},"end":{"line":46,"column":57}},"28":{"start":{"line":49,"column":25},"end":{"line":98,"column":3}},"29":{"start":{"line":50,"column":4},"end":{"line":53,"column":5}},"30":{"start":{"line":51,"column":6},"end":{"line":51,"column":114}},"31":{"start":{"line":51,"column":29},"end":{"line":51,"column":111}},"32":{"start":{"line":52,"column":6},"end":{"line":52,"column":13}},"33":{"start":{"line":56,"column":28},"end":{"line":56,"column":75}},"34":{"start":{"line":56,"column":57},"end":{"line":56,"column":74}},"35":{"start":{"line":57,"column":4},"end":{"line":60,"column":5}},"36":{"start":{"line":58,"column":6},"end":{"line":58,"column":118}},"37":{"start":{"line":58,"column":29},"end":{"line":58,"column":115}},"38":{"start":{"line":59,"column":6},"end":{"line":59,"column":13}},"39":{"start":{"line":63,"column":21},"end":{"line":63,"column":56}},"40":{"start":{"line":63,"column":49},"end":{"line":63,"column":55}},"41":{"start":{"line":64,"column":4},"end":{"line":67,"column":5}},"42":{"start":{"line":65,"column":6},"end":{"line":65,"column":136}},"43":{"start":{"line":65,"column":29},"end":{"line":65,"column":133}},"44":{"start":{"line":66,"column":6},"end":{"line":66,"column":13}},"45":{"start":{"line":69,"column":4},"end":{"line":97,"column":5}},"46":{"start":{"line":70,"column":6},"end":{"line":70,"column":99}},"47":{"start":{"line":70,"column":29},"end":{"line":70,"column":96}},"48":{"start":{"line":72,"column":23},"end":{"line":77,"column":8}},"49":{"start":{"line":80,"column":6},"end":{"line":82,"column":9}},"50":{"start":{"line":80,"column":27},"end":{"line":82,"column":7}},"51":{"start":{"line":81,"column":8},"end":{"line":81,"column":47}},"52":{"start":{"line":84,"column":6},"end":{"line":84,"column":25}},"53":{"start":{"line":85,"column":6},"end":{"line":85,"column":22}},"54":{"start":{"line":86,"column":6},"end":{"line":86,"column":110}},"55":{"start":{"line":86,"column":29},"end":{"line":86,"column":107}},"56":{"start":{"line":89,"column":6},"end":{"line":91,"column":15}},"57":{"start":{"line":90,"column":8},"end":{"line":90,"column":65}},"58":{"start":{"line":90,"column":31},"end":{"line":90,"column":62}},"59":{"start":{"line":94,"column":6},"end":{"line":94,"column":53}},"60":{"start":{"line":95,"column":27},"end":{"line":95,"column":82}},"61":{"start":{"line":96,"column":6},"end":{"line":96,"column":99}},"62":{"start":{"line":96,"column":29},"end":{"line":96,"column":96}},"63":{"start":{"line":100,"column":27},"end":{"line":105,"column":3}},"64":{"start":{"line":101,"column":4},"end":{"line":104,"column":8}},"65":{"start":{"line":101,"column":25},"end":{"line":104,"column":5}},"66":{"start":{"line":107,"column":29},"end":{"line":114,"column":3}},"67":{"start":{"line":108,"column":4},"end":{"line":113,"column":8}},"68":{"start":{"line":108,"column":25},"end":{"line":113,"column":5}},"69":{"start":{"line":111,"column":8},"end":{"line":111,"column":61}},"70":{"start":{"line":116,"column":2},"end":{"line":122,"column":3}},"71":{"start":{"line":117,"column":4},"end":{"line":121,"column":6}},"72":{"start":{"line":124,"column":2},"end":{"line":138,"column":3}},"73":{"start":{"line":125,"column":4},"end":{"line":137,"column":6}},"74":{"start":{"line":140,"column":2},"end":{"line":271,"column":4}},"75":{"start":{"line":154,"column":72},"end":{"line":154,"column":82}},"76":{"start":{"line":159,"column":10},"end":{"line":267,"column":16}},"77":{"start":{"line":166,"column":33},"end":{"line":166,"column":58}},"78":{"start":{"line":180,"column":37},"end":{"line":180,"column":77}},"79":{"start":{"line":191,"column":37},"end":{"line":191,"column":81}},"80":{"start":{"line":199,"column":20},"end":{"line":214,"column":26}},"81":{"start":{"line":204,"column":41},"end":{"line":204,"column":82}},"82":{"start":{"line":211,"column":40},"end":{"line":211,"column":85}},"83":{"start":{"line":221,"column":35},"end":{"line":221,"column":62}},"84":{"start":{"line":247,"column":20},"end":{"line":256,"column":26}}},"fnMap":{"0":{"name":"(anonymous_0)","decl":{"start":{"line":6,"column":23},"end":{"line":6,"column":24}},"loc":{"start":{"line":6,"column":61},"end":{"line":272,"column":1}},"line":6},"1":{"name":"(anonymous_1)","decl":{"start":{"line":14,"column":12},"end":{"line":14,"column":13}},"loc":{"start":{"line":14,"column":18},"end":{"line":16,"column":3}},"line":14},"2":{"name":"(anonymous_2)","decl":{"start":{"line":18,"column":28},"end":{"line":18,"column":29}},"loc":{"start":{"line":18,"column":40},"end":{"line":31,"column":3}},"line":18},"3":{"name":"(anonymous_3)","decl":{"start":{"line":33,"column":26},"end":{"line":33,"column":27}},"loc":{"start":{"line":33,"column":40},"end":{"line":41,"column":3}},"line":33},"4":{"name":"(anonymous_4)","decl":{"start":{"line":37,"column":36},"end":{"line":37,"column":37}},"loc":{"start":{"line":37,"column":44},"end":{"line":37,"column":54}},"line":37},"5":{"name":"(anonymous_5)","decl":{"start":{"line":43,"column":27},"end":{"line":43,"column":28}},"loc":{"start":{"line":43,"column":33},"end":{"line":47,"column":3}},"line":43},"6":{"name":"(anonymous_6)","decl":{"start":{"line":46,"column":18},"end":{"line":46,"column":19}},"loc":{"start":{"line":46,"column":27},"end":{"line":46,"column":57}},"line":46},"7":{"name":"(anonymous_7)","decl":{"start":{"line":49,"column":25},"end":{"line":49,"column":26}},"loc":{"start":{"line":49,"column":47},"end":{"line":98,"column":3}},"line":49},"8":{"name":"(anonymous_8)","decl":{"start":{"line":51,"column":20},"end":{"line":51,"column":21}},"loc":{"start":{"line":51,"column":29},"end":{"line":51,"column":111}},"line":51},"9":{"name":"(anonymous_9)","decl":{"start":{"line":56,"column":50},"end":{"line":56,"column":51}},"loc":{"start":{"line":56,"column":57},"end":{"line":56,"column":74}},"line":56},"10":{"name":"(anonymous_10)","decl":{"start":{"line":58,"column":20},"end":{"line":58,"column":21}},"loc":{"start":{"line":58,"column":29},"end":{"line":58,"column":115}},"line":58},"11":{"name":"(anonymous_11)","decl":{"start":{"line":63,"column":42},"end":{"line":63,"column":43}},"loc":{"start":{"line":63,"column":49},"end":{"line":63,"column":55}},"line":63},"12":{"name":"(anonymous_12)","decl":{"start":{"line":65,"column":20},"end":{"line":65,"column":21}},"loc":{"start":{"line":65,"column":29},"end":{"line":65,"column":133}},"line":65},"13":{"name":"(anonymous_13)","decl":{"start":{"line":70,"column":20},"end":{"line":70,"column":21}},"loc":{"start":{"line":70,"column":29},"end":{"line":70,"column":96}},"line":70},"14":{"name":"(anonymous_14)","decl":{"start":{"line":80,"column":19},"end":{"line":80,"column":20}},"loc":{"start":{"line":80,"column":27},"end":{"line":82,"column":7}},"line":80},"15":{"name":"(anonymous_15)","decl":{"start":{"line":80,"column":36},"end":{"line":80,"column":37}},"loc":{"start":{"line":81,"column":8},"end":{"line":81,"column":47}},"line":81},"16":{"name":"(anonymous_16)","decl":{"start":{"line":86,"column":20},"end":{"line":86,"column":21}},"loc":{"start":{"line":86,"column":29},"end":{"line":86,"column":107}},"line":86},"17":{"name":"(anonymous_17)","decl":{"start":{"line":89,"column":17},"end":{"line":89,"column":18}},"loc":{"start":{"line":89,"column":23},"end":{"line":91,"column":7}},"line":89},"18":{"name":"(anonymous_18)","decl":{"start":{"line":90,"column":22},"end":{"line":90,"column":23}},"loc":{"start":{"line":90,"column":31},"end":{"line":90,"column":62}},"line":90},"19":{"name":"(anonymous_19)","decl":{"start":{"line":96,"column":20},"end":{"line":96,"column":21}},"loc":{"start":{"line":96,"column":29},"end":{"line":96,"column":96}},"line":96},"20":{"name":"(anonymous_20)","decl":{"start":{"line":100,"column":27},"end":{"line":100,"column":28}},"loc":{"start":{"line":100,"column":45},"end":{"line":105,"column":3}},"line":100},"21":{"name":"(anonymous_21)","decl":{"start":{"line":101,"column":16},"end":{"line":101,"column":17}},"loc":{"start":{"line":101,"column":25},"end":{"line":104,"column":5}},"line":101},"22":{"name":"(anonymous_22)","decl":{"start":{"line":107,"column":29},"end":{"line":107,"column":30}},"loc":{"start":{"line":107,"column":53},"end":{"line":114,"column":3}},"line":107},"23":{"name":"(anonymous_23)","decl":{"start":{"line":108,"column":16},"end":{"line":108,"column":17}},"loc":{"start":{"line":108,"column":25},"end":{"line":113,"column":5}},"line":108},"24":{"name":"(anonymous_24)","decl":{"start":{"line":110,"column":32},"end":{"line":110,"column":33}},"loc":{"start":{"line":111,"column":8},"end":{"line":111,"column":61}},"line":111},"25":{"name":"(anonymous_25)","decl":{"start":{"line":154,"column":67},"end":{"line":154,"column":68}},"loc":{"start":{"line":154,"column":72},"end":{"line":154,"column":82}},"line":154},"26":{"name":"(anonymous_26)","decl":{"start":{"line":158,"column":23},"end":{"line":158,"column":24}},"loc":{"start":{"line":159,"column":10},"end":{"line":267,"column":16}},"line":159},"27":{"name":"(anonymous_27)","decl":{"start":{"line":166,"column":27},"end":{"line":166,"column":28}},"loc":{"start":{"line":166,"column":33},"end":{"line":166,"column":58}},"line":166},"28":{"name":"(anonymous_28)","decl":{"start":{"line":180,"column":30},"end":{"line":180,"column":31}},"loc":{"start":{"line":180,"column":37},"end":{"line":180,"column":77}},"line":180},"29":{"name":"(anonymous_29)","decl":{"start":{"line":191,"column":30},"end":{"line":191,"column":31}},"loc":{"start":{"line":191,"column":37},"end":{"line":191,"column":81}},"line":191},"30":{"name":"(anonymous_30)","decl":{"start":{"line":198,"column":41},"end":{"line":198,"column":42}},"loc":{"start":{"line":199,"column":20},"end":{"line":214,"column":26}},"line":199},"31":{"name":"(anonymous_31)","decl":{"start":{"line":204,"column":34},"end":{"line":204,"column":35}},"loc":{"start":{"line":204,"column":41},"end":{"line":204,"column":82}},"line":204},"32":{"name":"(anonymous_32)","decl":{"start":{"line":211,"column":34},"end":{"line":211,"column":35}},"loc":{"start":{"line":211,"column":40},"end":{"line":211,"column":85}},"line":211},"33":{"name":"(anonymous_33)","decl":{"start":{"line":221,"column":29},"end":{"line":221,"column":30}},"loc":{"start":{"line":221,"column":35},"end":{"line":221,"column":62}},"line":221},"34":{"name":"(anonymous_34)","decl":{"start":{"line":246,"column":40},"end":{"line":246,"column":41}},"loc":{"start":{"line":247,"column":20},"end":{"line":256,"column":26}},"line":247}},"branchMap":{"0":{"loc":{"start":{"line":4,"column":21},"end":{"line":4,"column":82}},"type":"binary-expr","locations":[{"start":{"line":4,"column":21},"end":{"line":4,"column":55}},{"start":{"line":4,"column":59},"end":{"line":4,"column":82}}],"line":4},"1":{"loc":{"start":{"line":6,"column":36},"end":{"line":6,"column":54}},"type":"default-arg","locations":[{"start":{"line":6,"column":49},"end":{"line":6,"column":54}}],"line":6},"2":{"loc":{"start":{"line":50,"column":4},"end":{"line":53,"column":5}},"type":"if","locations":[{"start":{"line":50,"column":4},"end":{"line":53,"column":5}},{"start":{},"end":{}}],"line":50},"3":{"loc":{"start":{"line":57,"column":4},"end":{"line":60,"column":5}},"type":"if","locations":[{"start":{"line":57,"column":4},"end":{"line":60,"column":5}},{"start":{},"end":{}}],"line":57},"4":{"loc":{"start":{"line":64,"column":4},"end":{"line":67,"column":5}},"type":"if","locations":[{"start":{"line":64,"column":4},"end":{"line":67,"column":5}},{"start":{},"end":{}}],"line":64},"5":{"loc":{"start":{"line":81,"column":8},"end":{"line":81,"column":47}},"type":"cond-expr","locations":[{"start":{"line":81,"column":30},"end":{"line":81,"column":43}},{"start":{"line":81,"column":46},"end":{"line":81,"column":47}}],"line":81},"6":{"loc":{"start":{"line":95,"column":27},"end":{"line":95,"column":82}},"type":"binary-expr","locations":[{"start":{"line":95,"column":27},"end":{"line":95,"column":53}},{"start":{"line":95,"column":57},"end":{"line":95,"column":82}}],"line":95},"7":{"loc":{"start":{"line":111,"column":8},"end":{"line":111,"column":61}},"type":"cond-expr","locations":[{"start":{"line":111,"column":32},"end":{"line":111,"column":55}},{"start":{"line":111,"column":58},"end":{"line":111,"column":61}}],"line":111},"8":{"loc":{"start":{"line":116,"column":2},"end":{"line":122,"column":3}},"type":"if","locations":[{"start":{"line":116,"column":2},"end":{"line":122,"column":3}},{"start":{},"end":{}}],"line":116},"9":{"loc":{"start":{"line":124,"column":2},"end":{"line":138,"column":3}},"type":"if","locations":[{"start":{"line":124,"column":2},"end":{"line":138,"column":3}},{"start":{},"end":{}}],"line":124},"10":{"loc":{"start":{"line":131,"column":9},"end":{"line":135,"column":9}},"type":"binary-expr","locations":[{"start":{"line":131,"column":9},"end":{"line":131,"column":20}},{"start":{"line":132,"column":10},"end":{"line":134,"column":19}}],"line":131},"11":{"loc":{"start":{"line":141,"column":20},"end":{"line":141,"column":55}},"type":"cond-expr","locations":[{"start":{"line":141,"column":33},"end":{"line":141,"column":35}},{"start":{"line":141,"column":38},"end":{"line":141,"column":55}}],"line":141},"12":{"loc":{"start":{"line":142,"column":7},"end":{"line":150,"column":7}},"type":"binary-expr","locations":[{"start":{"line":142,"column":7},"end":{"line":142,"column":18}},{"start":{"line":143,"column":8},"end":{"line":149,"column":14}}],"line":142},"13":{"loc":{"start":{"line":163,"column":15},"end":{"line":170,"column":15}},"type":"binary-expr","locations":[{"start":{"line":163,"column":15},"end":{"line":163,"column":40}},{"start":{"line":164,"column":16},"end":{"line":169,"column":25}}],"line":163},"14":{"loc":{"start":{"line":173,"column":13},"end":{"line":260,"column":13}},"type":"cond-expr","locations":[{"start":{"line":175,"column":14},"end":{"line":238,"column":20}},{"start":{"line":241,"column":14},"end":{"line":259,"column":20}}],"line":173},"15":{"loc":{"start":{"line":233,"column":17},"end":{"line":237,"column":17}},"type":"binary-expr","locations":[{"start":{"line":233,"column":17},"end":{"line":233,"column":40}},{"start":{"line":234,"column":18},"end":{"line":236,"column":24}}],"line":233},"16":{"loc":{"start":{"line":249,"column":43},"end":{"line":249,"column":104}},"type":"cond-expr","locations":[{"start":{"line":249,"column":83},"end":{"line":249,"column":99}},{"start":{"line":249,"column":102},"end":{"line":249,"column":104}}],"line":249},"17":{"loc":{"start":{"line":253,"column":23},"end":{"line":255,"column":23}},"type":"binary-expr","locations":[{"start":{"line":253,"column":23},"end":{"line":253,"column":60}},{"start":{"line":254,"column":24},"end":{"line":254,"column":76}}],"line":253},"18":{"loc":{"start":{"line":262,"column":13},"end":{"line":266,"column":13}},"type":"binary-expr","locations":[{"start":{"line":262,"column":13},"end":{"line":262,"column":36}},{"start":{"line":262,"column":40},"end":{"line":262,"column":65}},{"start":{"line":263,"column":14},"end":{"line":265,"column":20}}],"line":262}},"s":{"0":1,"1":1,"2":10,"3":10,"4":10,"5":10,"6":10,"7":10,"8":10,"9":5,"10":10,"11":5,"12":5,"13":5,"14":5,"15":3,"16":1,"17":1,"18":4,"19":10,"20":1,"21":1,"22":4,"23":10,"24":0,"25":0,"26":0,"27":0,"28":10,"29":0,"30":0,"31":0,"32":0,"33":0,"34":0,"35":0,"36":0,"37":0,"38":0,"39":0,"40":0,"41":0,"42":0,"43":0,"44":0,"45":0,"46":0,"47":0,"48":0,"49":0,"50":0,"51":0,"52":0,"53":0,"54":0,"55":0,"56":0,"57":0,"58":0,"59":0,"60":0,"61":0,"62":0,"63":10,"64":0,"65":0,"66":10,"67":0,"68":0,"69":0,"70":10,"71":5,"72":5,"73":1,"74":4,"75":4,"76":4,"77":1,"78":0,"79":0,"80":4,"81":0,"82":0,"83":0,"84":12},"f":{"0":10,"1":5,"2":5,"3":1,"4":4,"5":0,"6":0,"7":0,"8":0,"9":0,"10":0,"11":0,"12":0,"13":0,"14":0,"15":0,"16":0,"17":0,"18":0,"19":0,"20":0,"21":0,"22":0,"23":0,"24":0,"25":4,"26":4,"27":1,"28":0,"29":0,"30":4,"31":0,"32":0,"33":0,"34":12},"b":{"0":[1,1],"1":[10],"2":[0,0],"3":[0,0],"4":[0,0],"5":[0,0],"6":[0,0],"7":[0,0],"8":[5,5],"9":[1,4],"10":[1,1],"11":[0,4],"12":[4,4],"13":[4,3],"14":[1,3],"15":[1,0],"16":[3,9],"17":[12,3],"18":[4,0,0]},"_coverageSchema":"1a1c01bbd47fc00a2c39e90264f33305004495a9","hash":"46f42efc332c9944e82d826793dbd68a340b59b8"}
,"/app/frontend/src/components/LLMSettings.js": {"path":"/app/frontend/src/components/LLMSettings.js","statementMap":{"0":{"start":{"line":4,"column":21},"end":{"line":4,"column":82}},"1":{"start":{"line":6,"column":20},"end":{"line":319,"column":1}},"2":{"start":{"line":7,"column":30},"end":{"line":7,"column":44}},"3":{"start":{"line":8,"column":38},"end":{"line":8,"column":52}},"4":{"start":{"line":9,"column":48},"end":{"line":9,"column":60}},"5":{"start":{"line":10,"column":32},"end":{"line":10,"column":46}},"6":{"start":{"line":11,"column":30},"end":{"line":11,"column":45}},"7":{"start":{"line":12,"column":28},"end":{"line":12,"column":42}},"8":{"start":{"line":13,"column":46},"end":{"line":13,"column":58}},"9":{"start":{"line":14,"column":48},"end":{"line":17,"column":4}},"10":{"start":{"line":19,"column":2},"end":{"line":23,"column":9}},"11":{"start":{"line":20,"column":4},"end":{"line":20,"column":18}},"12":{"start":{"line":21,"column":4},"end":{"line":21,"column":27}},"13":{"start":{"line":22,"column":4},"end":{"line":22,"column":27}},"14":{"start":{"line":25,"column":22},"end":{"line":38,"column":3}},"15":{"start":{"line":26,"column":4},"end":{"line":37,"column":5}},"16":{"start":{"line":27,"column":6},"end":{"line":27,"column":23}},"17":{"start":{"line":28,"column":23},"end":{"line":28,"column":72}},"18":{"start":{"line":29,"column":6},"end":{"line":29,"column":38}},"19":{"start":{"line":30,"column":6},"end":{"line":30,"column":49}},"20":{"start":{"line":31,"column":6},"end":{"line":31,"column":21}},"21":{"start":{"line":33,"column":6},"end":{"line":33,"column":56}},"22":{"start":{"line":34,"column":6},"end":{"line":34,"column":66}},"23":{"start":{"line":36,"column":6},"end":{"line":36,"column":24}},"24":{"start":{"line":40,"column":31},"end":{"line":47,"column":3}},"25":{"start":{"line":41,"column":4},"end":{"line":46,"column":5}},"26":{"start":{"line":42,"column":23},"end":{"line":42,"column":82}},"27":{"start":{"line":43,"column":6},"end":{"line":43,"column":40}},"28":{"start":{"line":45,"column":6},"end":{"line":45,"column":62}},"29":{"start":{"line":49,"column":31},"end":{"line":61,"column":3}},"30":{"start":{"line":50,"column":4},"end":{"line":60,"column":5}},"31":{"start":{"line":51,"column":29},"end":{"line":51,"column":90}},"32":{"start":{"line":52,"column":29},"end":{"line":52,"column":90}},"33":{"start":{"line":54,"column":6},"end":{"line":57,"column":9}},"34":{"start":{"line":59,"column":6},"end":{"line":59,"column":62}},"35":{"start":{"line":63,"column":27},"end":{"line":91,"column":3}},"36":{"start":{"line":64,"column":4},"end":{"line":90,"column":5}},"37":{"start":{"line":65,"column":6},"end":{"line":65,"column":22}},"38":{"start":{"line":66,"column":6},"end":{"line":66,"column":21}},"39":{"start":{"line":67,"column":6},"end":{"line":67,"column":28}},"40":{"start":{"line":69,"column":23},"end":{"line":69,"column":84}},"41":{"start":{"line":71,"column":6},"end":{"line":71,"column":38}},"42":{"start":{"line":72,"column":6},"end":{"line":72,"column":61}},"43":{"start":{"line":75,"column":6},"end":{"line":77,"column":15}},"44":{"start":{"line":76,"column":8},"end":{"line":76,"column":31}},"45":{"start":{"line":80,"column":6},"end":{"line":82,"column":15}},"46":{"start":{"line":81,"column":8},"end":{"line":81,"column":30}},"47":{"start":{"line":85,"column":6},"end":{"line":85,"column":51}},"48":{"start":{"line":86,"column":27},"end":{"line":86,"column":87}},"49":{"start":{"line":87,"column":6},"end":{"line":87,"column":29}},"50":{"start":{"line":89,"column":6},"end":{"line":89,"column":23}},"51":{"start":{"line":93,"column":29},"end":{"line":98,"column":3}},"52":{"start":{"line":94,"column":4},"end":{"line":97,"column":8}},"53":{"start":{"line":94,"column":27},"end":{"line":97,"column":5}},"54":{"start":{"line":100,"column":24},"end":{"line":104,"column":3}},"55":{"start":{"line":101,"column":19},"end":{"line":101,"column":44}},"56":{"start":{"line":102,"column":4},"end":{"line":102,"column":28}},"57":{"start":{"line":102,"column":17},"end":{"line":102,"column":28}},"58":{"start":{"line":103,"column":4},"end":{"line":103,"column":38}},"59":{"start":{"line":106,"column":24},"end":{"line":111,"column":3}},"60":{"start":{"line":107,"column":19},"end":{"line":107,"column":44}},"61":{"start":{"line":108,"column":4},"end":{"line":108,"column":34}},"62":{"start":{"line":108,"column":17},"end":{"line":108,"column":34}},"63":{"start":{"line":109,"column":4},"end":{"line":109,"column":41}},"64":{"start":{"line":109,"column":24},"end":{"line":109,"column":41}},"65":{"start":{"line":110,"column":4},"end":{"line":110,"column":55}},"66":{"start":{"line":113,"column":2},"end":{"line":119,"column":3}},"67":{"start":{"line":114,"column":4},"end":{"line":118,"column":6}},"68":{"start":{"line":121,"column":2},"end":{"line":130,"column":3}},"69":{"start":{"line":122,"column":4},"end":{"line":129,"column":6}},"70":{"start":{"line":132,"column":2},"end":{"line":318,"column":4}},"71":{"start":{"line":231,"column":31},"end":{"line":231,"column":81}},"72":{"start":{"line":245,"column":35},"end":{"line":245,"column":85}},"73":{"start":{"line":249,"column":20},"end":{"line":249,"column":70}},"74":{"start":{"line":259,"column":35},"end":{"line":259,"column":84}},"75":{"start":{"line":273,"column":35},"end":{"line":273,"column":85}},"76":{"start":{"line":277,"column":20},"end":{"line":277,"column":70}},"77":{"start":{"line":287,"column":35},"end":{"line":287,"column":87}}},"fnMap":{"0":{"name":"(anonymous_0)","decl":{"start":{"line":6,"column":20},"end":{"line":6,"column":21}},"loc":{"start":{"line":6,"column":26},"end":{"line":319,"column":1}},"line":6},"1":{"name":"(anonymous_1)","decl":{"start":{"line":19,"column":12},"end":{"line":19,"column":13}},"loc":{"start":{"line":19,"column":18},"end":{"line":23,"column":3}},"line":19},"2":{"name":"(anonymous_2)","decl":{"start":{"line":25,"column":22},"end":{"line":25,"column":23}},"loc":{"start":{"line":25,"column":34},"end":{"line":38,"column":3}},"line":25},"3":{"name":"(anonymous_3)","decl":{"start":{"line":40,"column":31},"end":{"line":40,"column":32}},"loc":{"start":{"line":40,"column":43},"end":{"line":47,"column":3}},"line":40},"4":{"name":"(anonymous_4)","decl":{"start":{"line":49,"column":31},"end":{"line":49,"column":32}},"loc":{"start":{"line":49,"column":43},"end":{"line":61,"column":3}},"line":49},"5":{"name":"(anonymous_5)","decl":{"start":{"line":63,"column":27},"end":{"line":63,"column":28}},"loc":{"start":{"line":63,"column":39},"end":{"line":91,"column":3}},"line":63},"6":{"name":"(anonymous_6)","decl":{"start":{"line":75,"column":17},"end":{"line":75,"column":18}},"loc":{"start":{"line":75,"column":23},"end":{"line":77,"column":7}},"line":75},"7":{"name":"(anonymous_7)","decl":{"start":{"line":80,"column":17},"end":{"line":80,"column":18}},"loc":{"start":{"line":80,"column":23},"end":{"line":82,"column":7}},"line":80},"8":{"name":"(anonymous_8)","decl":{"start":{"line":93,"column":29},"end":{"line":93,"column":30}},"loc":{"start":{"line":93,"column":47},"end":{"line":98,"column":3}},"line":93},"9":{"name":"(anonymous_9)","decl":{"start":{"line":94,"column":18},"end":{"line":94,"column":19}},"loc":{"start":{"line":94,"column":27},"end":{"line":97,"column":5}},"line":94},"10":{"name":"(anonymous_10)","decl":{"start":{"line":100,"column":24},"end":{"line":100,"column":25}},"loc":{"start":{"line":100,"column":38},"end":{"line":104,"column":3}},"line":100},"11":{"name":"(anonymous_11)","decl":{"start":{"line":106,"column":24},"end":{"line":106,"column":25}},"loc":{"start":{"line":106,"column":38},"end":{"line":111,"column":3}},"line":106},"12":{"name":"(anonymous_12)","decl":{"start":{"line":231,"column":24},"end":{"line":231,"column":25}},"loc":{"start":{"line":231,"column":31},"end":{"line":231,"column":81}},"line":231},"13":{"name":"(anonymous_13)","decl":{"start":{"line":245,"column":28},"end":{"line":245,"column":29}},"loc":{"start":{"line":245,"column":35},"end":{"line":245,"column":85}},"line":245},"14":{"name":"(anonymous_14)","decl":{"start":{"line":248,"column":46},"end":{"line":248,"column":47}},"loc":{"start":{"line":249,"column":20},"end":{"line":249,"column":70}},"line":249},"15":{"name":"(anonymous_15)","decl":{"start":{"line":259,"column":28},"end":{"line":259,"column":29}},"loc":{"start":{"line":259,"column":35},"end":{"line":259,"column":84}},"line":259},"16":{"name":"(anonymous_16)","decl":{"start":{"line":273,"column":28},"end":{"line":273,"column":29}},"loc":{"start":{"line":273,"column":35},"end":{"line":273,"column":85}},"line":273},"17":{"name":"(anonymous_17)","decl":{"start":{"line":276,"column":46},"end":{"line":276,"column":47}},"loc":{"start":{"line":277,"column":20},"end":{"line":277,"column":70}},"line":277},"18":{"name":"(anonymous_18)","decl":{"start":{"line":287,"column":28},"end":{"line":287,"column":29}},"loc":{"start":{"line":287,"column":35},"end":{"line":287,"column":87}},"line":287}},"branchMap":{"0":{"loc":{"start":{"line":4,"column":21},"end":{"line":4,"column":82}},"type":"binary-expr","locations":[{"start":{"line":4,"column":21},"end":{"line":4,"column":55}},{"start":{"line":4,"column":59},"end":{"line":4,"column":82}}],"line":4},"1":{"loc":{"start":{"line":55,"column":16},"end":{"line":55,"column":48}},"type":"binary-expr","locations":[{"start":{"line":55,"column":16},"end":{"line":55,"column":42}},{"start":{"line":55,"column":46},"end":{"line":55,"column":48}}],"line":55},"2":{"loc":{"start":{"line":56,"column":16},"end":{"line":56,"column":48}},"type":"binary-expr","locations":[{"start":{"line":56,"column":16},"end":{"line":56,"column":42}},{"start":{"line":56,"column":46},"end":{"line":56,"column":48}}],"line":56},"3":{"loc":{"start":{"line":86,"column":27},"end":{"line":86,"column":87}},"type":"binary-expr","locations":[{"start":{"line":86,"column":27},"end":{"line":86,"column":53}},{"start":{"line":86,"column":57},"end":{"line":86,"column":87}}],"line":86},"4":{"loc":{"start":{"line":102,"column":4},"end":{"line":102,"column":28}},"type":"if","locations":[{"start":{"line":102,"column":4},"end":{"line":102,"column":28}},{"start":{},"end":{}}],"line":102},"5":{"loc":{"start":{"line":103,"column":11},"end":{"line":103,"column":37}},"type":"cond-expr","locations":[{"start":{"line":103,"column":28},"end":{"line":103,"column":31}},{"start":{"line":103,"column":34},"end":{"line":103,"column":37}}],"line":103},"6":{"loc":{"start":{"line":108,"column":4},"end":{"line":108,"column":34}},"type":"if","locations":[{"start":{"line":108,"column":4},"end":{"line":108,"column":34}},{"start":{},"end":{}}],"line":108},"7":{"loc":{"start":{"line":109,"column":4},"end":{"line":109,"column":41}},"type":"if","locations":[{"start":{"line":109,"column":4},"end":{"line":109,"column":41}},{"start":{},"end":{}}],"line":109},"8":{"loc":{"start":{"line":110,"column":21},"end":{"line":110,"column":52}},"type":"binary-expr","locations":[{"start":{"line":110,"column":21},"end":{"line":110,"column":33}},{"start":{"line":110,"column":37},"end":{"line":110,"column":52}}],"line":110},"9":{"loc":{"start":{"line":113,"column":2},"end":{"line":119,"column":3}},"type":"if","locations":[{"start":{"line":113,"column":2},"end":{"line":119,"column":3}},{"start":{},"end":{}}],"line":113},"10":{"loc":{"start":{"line":121,"column":2},"end":{"line":130,"column":3}},"type":"if","locations":[{"start":{"line":121,"column":2},"end":{"line":130,"column":3}},{"start":{},"end":{}}],"line":121},"11":{"loc":{"start":{"line":121,"column":6},"end":{"line":121,"column":22}},"type":"binary-expr","locations":[{"start":{"line":121,"column":6},"end":{"line":121,"column":11}},{"start":{"line":121,"column":15},"end":{"line":121,"column":22}}],"line":121},"12":{"loc":{"start":{"line":138,"column":9},"end":{"line":142,"column":9}},"type":"binary-expr","locations":[{"start":{"line":138,"column":9},"end":{"line":138,"column":14}},{"start":{"line":139,"column":10},"end":{"line":141,"column":16}}],"line":138},"13":{"loc":{"start":{"line":144,"column":9},"end":{"line":148,"column":9}},"type":"binary-expr","locations":[{"start":{"line":144,"column":9},"end":{"line":144,"column":23}},{"start":{"line":145,"column":10},"end":{"line":147,"column":16}}],"line":144},"14":{"loc":{"start":{"line":158,"column":13},"end":{"line":169,"column":13}},"type":"binary-expr","locations":[{"start":{"line":158,"column":13},"end":{"line":158,"column":46}},{"start":{"line":159,"column":14},"end":{"line":168,"column":17}}],"line":158},"15":{"loc":{"start":{"line":170,"column":13},"end":{"line":181,"column":13}},"type":"binary-expr","locations":[{"start":{"line":170,"column":13},"end":{"line":170,"column":46}},{"start":{"line":171,"column":14},"end":{"line":180,"column":17}}],"line":170},"16":{"loc":{"start":{"line":178,"column":50},"end":{"line":178,"column":92}},"type":"binary-expr","locations":[{"start":{"line":178,"column":50},"end":{"line":178,"column":72}},{"start":{"line":178,"column":76},"end":{"line":178,"column":92}}],"line":178},"17":{"loc":{"start":{"line":195,"column":17},"end":{"line":200,"column":17}},"type":"binary-expr","locations":[{"start":{"line":195,"column":17},"end":{"line":195,"column":39}},{"start":{"line":196,"column":18},"end":{"line":199,"column":21}}],"line":195},"18":{"loc":{"start":{"line":211,"column":17},"end":{"line":218,"column":17}},"type":"binary-expr","locations":[{"start":{"line":211,"column":17},"end":{"line":211,"column":39}},{"start":{"line":212,"column":18},"end":{"line":217,"column":21}}],"line":211},"19":{"loc":{"start":{"line":215,"column":32},"end":{"line":215,"column":100}},"type":"cond-expr","locations":[{"start":{"line":215,"column":69},"end":{"line":215,"column":81}},{"start":{"line":215,"column":84},"end":{"line":215,"column":100}}],"line":215},"20":{"loc":{"start":{"line":230,"column":21},"end":{"line":230,"column":51}},"type":"binary-expr","locations":[{"start":{"line":230,"column":21},"end":{"line":230,"column":45}},{"start":{"line":230,"column":49},"end":{"line":230,"column":51}}],"line":230},"21":{"loc":{"start":{"line":239,"column":11},"end":{"line":265,"column":11}},"type":"binary-expr","locations":[{"start":{"line":239,"column":11},"end":{"line":239,"column":48}},{"start":{"line":240,"column":12},"end":{"line":264,"column":15}}],"line":239},"22":{"loc":{"start":{"line":244,"column":25},"end":{"line":244,"column":55}},"type":"binary-expr","locations":[{"start":{"line":244,"column":25},"end":{"line":244,"column":49}},{"start":{"line":244,"column":53},"end":{"line":244,"column":55}}],"line":244},"23":{"loc":{"start":{"line":258,"column":25},"end":{"line":258,"column":54}},"type":"binary-expr","locations":[{"start":{"line":258,"column":25},"end":{"line":258,"column":48}},{"start":{"line":258,"column":52},"end":{"line":258,"column":54}}],"line":258},"24":{"loc":{"start":{"line":267,"column":11},"end":{"line":296,"column":11}},"type":"binary-expr","locations":[{"start":{"line":267,"column":11},"end":{"line":267,"column":48}},{"start":{"line":268,"column":12},"end":{"line":295,"column":15}}],"line":267},"25":{"loc":{"start":{"line":272,"column":25},"end":{"line":272,"column":55}},"type":"binary-expr","locations":[{"start":{"line":272,"column":25},"end":{"line":272,"column":49}},{"start":{"line":272,"column":53},"end":{"line":272,"column":55}}],"line":272},"26":{"loc":{"start":{"line":286,"column":25},"end":{"line":286,"column":103}},"type":"cond-expr","locations":[{"start":{"line":286,"column":64},"end":{"line":286,"column":66}},{"start":{"line":286,"column":70},"end":{"line":286,"column":102}}],"line":286},"27":{"loc":{"start":{"line":286,"column":70},"end":{"line":286,"column":102}},"type":"binary-expr","locations":[{"start":{"line":286,"column":70},"end":{"line":286,"column":96}},{"start":{"line":286,"column":100},"end":{"line":286,"column":102}}],"line":286},"28":{"loc":{"start":{"line":300,"column":35},"end":{"line":300,"column":57}},"type":"cond-expr","locations":[{"start":{"line":300,"column":44},"end":{"line":300,"column":52}},{"start":{"line":300,"column":55},"end":{"line":300,"column":57}}],"line":300},"29":{"loc":{"start":{"line":304,"column":15},"end":{"line":304,"column":58}},"type":"cond-expr","locations":[{"start":{"line":304,"column":24},"end":{"line":304,"column":35}},{"start":{"line":304,"column":38},"end":{"line":304,"column":58}}],"line":304}},"s":{"0":0,"1":0,"2":0,"3":0,"4":0,"5":0,"6":0,"7":0,"8":0,"9":0,"10":0,"11":0,"12":0,"13":0,"14":0,"15":0,"16":0,"17":0,"18":0,"19":0,"20":0,"21":0,"22":0,"23":0,"24":0,"25":0,"26":0,"27":0,"28":0,"29":0,"30":0,"31":0,"32":0,"33":0,"34":0,"35":0,"36":0,"37":0,"38":0,"39":0,"40":0,"41":0,"42":0,"43":0,"44":0,"45":0,"46":0,"47":0,"48":0,"49":0,"50":0,"51":0,"52":0,"53":0,"54":0,"55":0,"56":0,"57":0,"58":0,"59":0,"60":0,"61":0,"62":0,"63":0,"64":0,"65":0,"66":0,"67":0,"68":0,"69":0,"70":0,"71":0,"72":0,"73":0,"74":0,"75":0,"76":0,"77":0},"f":{"0":0,"1":0,"2":0,"3":0,"4":0,"5":0,"6":0,"7":0,"8":0,"9":0,"10":0,"11":0,"12":0,"13":0,"14":0,"15":0,"16":0,"17":0,"18":0},"b":{"0":[0,0],"1":[0,0],"2":[0,0],"3":[0,0],"4":[0,0],"5":[0,0],"6":[0,0],"7":[0,0],"8":[0,0],"9":[0,0],"10":[0,0],"11":[0,0],"12":[0,0],"13":[0,0],"14":[0,0],"15":[0,0],"16":[0,0],"17":[0,0],"18":[0,0],"19":[0,0],"20":[0,0],"21":[0,0],"22":[0,0],"23":[0,0],"24":[0,0],"25":[0,0],"26":[0,0],"27":[0,0],"28":[0,0],"29":[0,0]}}
,"/app/frontend/src/components/LoggingSettings.js": {"path":"/app/frontend/src/components/LoggingSettings.js","statementMap":{"0":{"start":{"line":4,"column":21},"end":{"line":4,"column":82}},"1":{"start":{"line":6,"column":24},"end":{"line":339,"column":1}},"2":{"start":{"line":7,"column":38},"end":{"line":7,"column":52}},"3":{"start":{"line":8,"column":34},"end":{"line":8,"column":46}},"4":{"start":{"line":9,"column":38},"end":{"line":9,"column":50}},"5":{"start":{"line":10,"column":32},"end":{"line":10,"column":46}},"6":{"start":{"line":11,"column":30},"end":{"line":11,"column":45}},"7":{"start":{"line":12,"column":28},"end":{"line":12,"column":42}},"8":{"start":{"line":13,"column":46},"end":{"line":13,"column":58}},"9":{"start":{"line":14,"column":36},"end":{"line":14,"column":54}},"10":{"start":{"line":15,"column":36},"end":{"line":15,"column":51}},"11":{"start":{"line":17,"column":2},"end":{"line":21,"column":9}},"12":{"start":{"line":18,"column":4},"end":{"line":18,"column":18}},"13":{"start":{"line":19,"column":4},"end":{"line":19,"column":20}},"14":{"start":{"line":20,"column":4},"end":{"line":20,"column":22}},"15":{"start":{"line":23,"column":22},"end":{"line":35,"column":3}},"16":{"start":{"line":24,"column":4},"end":{"line":34,"column":5}},"17":{"start":{"line":25,"column":6},"end":{"line":25,"column":23}},"18":{"start":{"line":26,"column":23},"end":{"line":26,"column":76}},"19":{"start":{"line":27,"column":6},"end":{"line":27,"column":49}},"20":{"start":{"line":28,"column":6},"end":{"line":28,"column":21}},"21":{"start":{"line":30,"column":6},"end":{"line":30,"column":60}},"22":{"start":{"line":31,"column":6},"end":{"line":31,"column":74}},"23":{"start":{"line":33,"column":6},"end":{"line":33,"column":24}},"24":{"start":{"line":37,"column":24},"end":{"line":44,"column":3}},"25":{"start":{"line":38,"column":4},"end":{"line":43,"column":5}},"26":{"start":{"line":39,"column":23},"end":{"line":39,"column":75}},"27":{"start":{"line":40,"column":6},"end":{"line":40,"column":39}},"28":{"start":{"line":42,"column":6},"end":{"line":42,"column":55}},"29":{"start":{"line":46,"column":26},"end":{"line":53,"column":3}},"30":{"start":{"line":47,"column":4},"end":{"line":52,"column":5}},"31":{"start":{"line":48,"column":23},"end":{"line":48,"column":92}},"32":{"start":{"line":49,"column":6},"end":{"line":49,"column":40}},"33":{"start":{"line":51,"column":6},"end":{"line":51,"column":57}},"34":{"start":{"line":55,"column":27},"end":{"line":78,"column":3}},"35":{"start":{"line":56,"column":4},"end":{"line":77,"column":5}},"36":{"start":{"line":57,"column":6},"end":{"line":57,"column":22}},"37":{"start":{"line":58,"column":6},"end":{"line":58,"column":21}},"38":{"start":{"line":59,"column":6},"end":{"line":59,"column":28}},"39":{"start":{"line":61,"column":23},"end":{"line":61,"column":88}},"40":{"start":{"line":63,"column":6},"end":{"line":63,"column":42}},"41":{"start":{"line":64,"column":6},"end":{"line":64,"column":69}},"42":{"start":{"line":67,"column":6},"end":{"line":69,"column":15}},"43":{"start":{"line":68,"column":8},"end":{"line":68,"column":30}},"44":{"start":{"line":72,"column":6},"end":{"line":72,"column":51}},"45":{"start":{"line":73,"column":27},"end":{"line":73,"column":95}},"46":{"start":{"line":74,"column":6},"end":{"line":74,"column":29}},"47":{"start":{"line":76,"column":6},"end":{"line":76,"column":23}},"48":{"start":{"line":80,"column":31},"end":{"line":91,"column":3}},"49":{"start":{"line":81,"column":4},"end":{"line":90,"column":8}},"50":{"start":{"line":81,"column":27},"end":{"line":90,"column":5}},"51":{"start":{"line":93,"column":29},"end":{"line":104,"column":3}},"52":{"start":{"line":94,"column":4},"end":{"line":103,"column":5}},"53":{"start":{"line":95,"column":6},"end":{"line":95,"column":78}},"54":{"start":{"line":96,"column":6},"end":{"line":96,"column":70}},"55":{"start":{"line":97,"column":6},"end":{"line":97,"column":22}},"56":{"start":{"line":98,"column":6},"end":{"line":98,"column":24}},"57":{"start":{"line":99,"column":6},"end":{"line":99,"column":52}},"58":{"start":{"line":99,"column":23},"end":{"line":99,"column":44}},"59":{"start":{"line":101,"column":6},"end":{"line":101,"column":54}},"60":{"start":{"line":102,"column":6},"end":{"line":102,"column":93}},"61":{"start":{"line":106,"column":30},"end":{"line":117,"column":3}},"62":{"start":{"line":107,"column":4},"end":{"line":116,"column":5}},"63":{"start":{"line":108,"column":6},"end":{"line":108,"column":79}},"64":{"start":{"line":109,"column":6},"end":{"line":109,"column":70}},"65":{"start":{"line":110,"column":6},"end":{"line":110,"column":22}},"66":{"start":{"line":111,"column":6},"end":{"line":111,"column":24}},"67":{"start":{"line":112,"column":6},"end":{"line":112,"column":52}},"68":{"start":{"line":112,"column":23},"end":{"line":112,"column":44}},"69":{"start":{"line":114,"column":6},"end":{"line":114,"column":55}},"70":{"start":{"line":115,"column":6},"end":{"line":115,"column":94}},"71":{"start":{"line":119,"column":32},"end":{"line":121,"column":3}},"72":{"start":{"line":120,"column":4},"end":{"line":120,"column":84}},"73":{"start":{"line":123,"column":25},"end":{"line":129,"column":3}},"74":{"start":{"line":124,"column":4},"end":{"line":124,"column":38}},"75":{"start":{"line":124,"column":21},"end":{"line":124,"column":38}},"76":{"start":{"line":125,"column":14},"end":{"line":125,"column":18}},"77":{"start":{"line":126,"column":18},"end":{"line":126,"column":45}},"78":{"start":{"line":127,"column":14},"end":{"line":127,"column":55}},"79":{"start":{"line":128,"column":4},"end":{"line":128,"column":76}},"80":{"start":{"line":131,"column":26},"end":{"line":134,"column":3}},"81":{"start":{"line":132,"column":4},"end":{"line":132,"column":47}},"82":{"start":{"line":132,"column":29},"end":{"line":132,"column":47}},"83":{"start":{"line":133,"column":4},"end":{"line":133,"column":95}},"84":{"start":{"line":133,"column":36},"end":{"line":133,"column":93}},"85":{"start":{"line":136,"column":2},"end":{"line":142,"column":3}},"86":{"start":{"line":137,"column":4},"end":{"line":141,"column":6}},"87":{"start":{"line":144,"column":2},"end":{"line":338,"column":4}},"88":{"start":{"line":166,"column":25},"end":{"line":166,"column":47}},"89":{"start":{"line":172,"column":25},"end":{"line":172,"column":46}},"90":{"start":{"line":178,"column":25},"end":{"line":178,"column":48}},"91":{"start":{"line":191,"column":14},"end":{"line":204,"column":20}},"92":{"start":{"line":195,"column":35},"end":{"line":195,"column":94}},"93":{"start":{"line":211,"column":14},"end":{"line":224,"column":20}},"94":{"start":{"line":215,"column":35},"end":{"line":215,"column":93}},"95":{"start":{"line":254,"column":14},"end":{"line":281,"column":20}},"96":{"start":{"line":264,"column":35},"end":{"line":264,"column":67}},"97":{"start":{"line":270,"column":35},"end":{"line":270,"column":65}},"98":{"start":{"line":276,"column":35},"end":{"line":276,"column":64}},"99":{"start":{"line":305,"column":33},"end":{"line":305,"column":61}},"100":{"start":{"line":327,"column":14},"end":{"line":332,"column":20}}},"fnMap":{"0":{"name":"(anonymous_0)","decl":{"start":{"line":6,"column":24},"end":{"line":6,"column":25}},"loc":{"start":{"line":6,"column":30},"end":{"line":339,"column":1}},"line":6},"1":{"name":"(anonymous_1)","decl":{"start":{"line":17,"column":12},"end":{"line":17,"column":13}},"loc":{"start":{"line":17,"column":18},"end":{"line":21,"column":3}},"line":17},"2":{"name":"(anonymous_2)","decl":{"start":{"line":23,"column":22},"end":{"line":23,"column":23}},"loc":{"start":{"line":23,"column":34},"end":{"line":35,"column":3}},"line":23},"3":{"name":"(anonymous_3)","decl":{"start":{"line":37,"column":24},"end":{"line":37,"column":25}},"loc":{"start":{"line":37,"column":36},"end":{"line":44,"column":3}},"line":37},"4":{"name":"(anonymous_4)","decl":{"start":{"line":46,"column":26},"end":{"line":46,"column":27}},"loc":{"start":{"line":46,"column":38},"end":{"line":53,"column":3}},"line":46},"5":{"name":"(anonymous_5)","decl":{"start":{"line":55,"column":27},"end":{"line":55,"column":28}},"loc":{"start":{"line":55,"column":39},"end":{"line":78,"column":3}},"line":55},"6":{"name":"(anonymous_6)","decl":{"start":{"line":67,"column":17},"end":{"line":67,"column":18}},"loc":{"start":{"line":67,"column":23},"end":{"line":69,"column":7}},"line":67},"7":{"name":"(anonymous_7)","decl":{"start":{"line":80,"column":31},"end":{"line":80,"column":32}},"loc":{"start":{"line":80,"column":67},"end":{"line":91,"column":3}},"line":80},"8":{"name":"(anonymous_8)","decl":{"start":{"line":81,"column":18},"end":{"line":81,"column":19}},"loc":{"start":{"line":81,"column":27},"end":{"line":90,"column":5}},"line":81},"9":{"name":"(anonymous_9)","decl":{"start":{"line":93,"column":29},"end":{"line":93,"column":30}},"loc":{"start":{"line":93,"column":49},"end":{"line":104,"column":3}},"line":93},"10":{"name":"(anonymous_10)","decl":{"start":{"line":99,"column":17},"end":{"line":99,"column":18}},"loc":{"start":{"line":99,"column":23},"end":{"line":99,"column":44}},"line":99},"11":{"name":"(anonymous_11)","decl":{"start":{"line":106,"column":30},"end":{"line":106,"column":31}},"loc":{"start":{"line":106,"column":50},"end":{"line":117,"column":3}},"line":106},"12":{"name":"(anonymous_12)","decl":{"start":{"line":112,"column":17},"end":{"line":112,"column":18}},"loc":{"start":{"line":112,"column":23},"end":{"line":112,"column":44}},"line":112},"13":{"name":"(anonymous_13)","decl":{"start":{"line":119,"column":32},"end":{"line":119,"column":33}},"loc":{"start":{"line":119,"column":46},"end":{"line":121,"column":3}},"line":119},"14":{"name":"(anonymous_14)","decl":{"start":{"line":123,"column":25},"end":{"line":123,"column":26}},"loc":{"start":{"line":123,"column":36},"end":{"line":129,"column":3}},"line":123},"15":{"name":"(anonymous_15)","decl":{"start":{"line":131,"column":26},"end":{"line":131,"column":27}},"loc":{"start":{"line":131,"column":32},"end":{"line":134,"column":3}},"line":131},"16":{"name":"(anonymous_16)","decl":{"start":{"line":133,"column":29},"end":{"line":133,"column":30}},"loc":{"start":{"line":133,"column":36},"end":{"line":133,"column":93}},"line":133},"17":{"name":"(anonymous_17)","decl":{"start":{"line":166,"column":19},"end":{"line":166,"column":20}},"loc":{"start":{"line":166,"column":25},"end":{"line":166,"column":47}},"line":166},"18":{"name":"(anonymous_18)","decl":{"start":{"line":172,"column":19},"end":{"line":172,"column":20}},"loc":{"start":{"line":172,"column":25},"end":{"line":172,"column":46}},"line":172},"19":{"name":"(anonymous_19)","decl":{"start":{"line":178,"column":19},"end":{"line":178,"column":20}},"loc":{"start":{"line":178,"column":25},"end":{"line":178,"column":48}},"line":178},"20":{"name":"(anonymous_20)","decl":{"start":{"line":190,"column":100},"end":{"line":190,"column":101}},"loc":{"start":{"line":191,"column":14},"end":{"line":204,"column":20}},"line":191},"21":{"name":"(anonymous_21)","decl":{"start":{"line":195,"column":28},"end":{"line":195,"column":29}},"loc":{"start":{"line":195,"column":35},"end":{"line":195,"column":94}},"line":195},"22":{"name":"(anonymous_22)","decl":{"start":{"line":210,"column":98},"end":{"line":210,"column":99}},"loc":{"start":{"line":211,"column":14},"end":{"line":224,"column":20}},"line":211},"23":{"name":"(anonymous_23)","decl":{"start":{"line":215,"column":28},"end":{"line":215,"column":29}},"loc":{"start":{"line":215,"column":35},"end":{"line":215,"column":93}},"line":215},"24":{"name":"(anonymous_24)","decl":{"start":{"line":253,"column":26},"end":{"line":253,"column":27}},"loc":{"start":{"line":254,"column":14},"end":{"line":281,"column":20}},"line":254},"25":{"name":"(anonymous_25)","decl":{"start":{"line":264,"column":29},"end":{"line":264,"column":30}},"loc":{"start":{"line":264,"column":35},"end":{"line":264,"column":67}},"line":264},"26":{"name":"(anonymous_26)","decl":{"start":{"line":270,"column":29},"end":{"line":270,"column":30}},"loc":{"start":{"line":270,"column":35},"end":{"line":270,"column":65}},"line":270},"27":{"name":"(anonymous_27)","decl":{"start":{"line":276,"column":29},"end":{"line":276,"column":30}},"loc":{"start":{"line":276,"column":35},"end":{"line":276,"column":64}},"line":276},"28":{"name":"(anonymous_28)","decl":{"start":{"line":305,"column":26},"end":{"line":305,"column":27}},"loc":{"start":{"line":305,"column":33},"end":{"line":305,"column":61}},"line":305},"29":{"name":"(anonymous_29)","decl":{"start":{"line":326,"column":35},"end":{"line":326,"column":36}},"loc":{"start":{"line":327,"column":14},"end":{"line":332,"column":20}},"line":327}},"branchMap":{"0":{"loc":{"start":{"line":4,"column":21},"end":{"line":4,"column":82}},"type":"binary-expr","locations":[{"start":{"line":4,"column":21},"end":{"line":4,"column":55}},{"start":{"line":4,"column":59},"end":{"line":4,"column":82}}],"line":4},"1":{"loc":{"start":{"line":73,"column":27},"end":{"line":73,"column":95}},"type":"binary-expr","locations":[{"start":{"line":73,"column":27},"end":{"line":73,"column":53}},{"start":{"line":73,"column":57},"end":{"line":73,"column":95}}],"line":73},"2":{"loc":{"start":{"line":102,"column":44},"end":{"line":102,"column":89}},"type":"binary-expr","locations":[{"start":{"line":102,"column":44},"end":{"line":102,"column":70}},{"start":{"line":102,"column":74},"end":{"line":102,"column":89}}],"line":102},"3":{"loc":{"start":{"line":115,"column":45},"end":{"line":115,"column":90}},"type":"binary-expr","locations":[{"start":{"line":115,"column":45},"end":{"line":115,"column":71}},{"start":{"line":115,"column":75},"end":{"line":115,"column":90}}],"line":115},"4":{"loc":{"start":{"line":124,"column":4},"end":{"line":124,"column":38}},"type":"if","locations":[{"start":{"line":124,"column":4},"end":{"line":124,"column":38}},{"start":{},"end":{}}],"line":124},"5":{"loc":{"start":{"line":132,"column":4},"end":{"line":132,"column":47}},"type":"if","locations":[{"start":{"line":132,"column":4},"end":{"line":132,"column":47}},{"start":{},"end":{}}],"line":132},"6":{"loc":{"start":{"line":136,"column":2},"end":{"line":142,"column":3}},"type":"if","locations":[{"start":{"line":136,"column":2},"end":{"line":142,"column":3}},{"start":{},"end":{}}],"line":136},"7":{"loc":{"start":{"line":151,"column":7},"end":{"line":155,"column":7}},"type":"binary-expr","locations":[{"start":{"line":151,"column":7},"end":{"line":151,"column":12}},{"start":{"line":152,"column":8},"end":{"line":154,"column":14}}],"line":151},"8":{"loc":{"start":{"line":157,"column":7},"end":{"line":161,"column":7}},"type":"binary-expr","locations":[{"start":{"line":157,"column":7},"end":{"line":157,"column":21}},{"start":{"line":158,"column":8},"end":{"line":160,"column":14}}],"line":157},"9":{"loc":{"start":{"line":165,"column":35},"end":{"line":165,"column":73}},"type":"cond-expr","locations":[{"start":{"line":165,"column":60},"end":{"line":165,"column":68}},{"start":{"line":165,"column":71},"end":{"line":165,"column":73}}],"line":165},"10":{"loc":{"start":{"line":171,"column":35},"end":{"line":171,"column":72}},"type":"cond-expr","locations":[{"start":{"line":171,"column":59},"end":{"line":171,"column":67}},{"start":{"line":171,"column":70},"end":{"line":171,"column":72}}],"line":171},"11":{"loc":{"start":{"line":177,"column":35},"end":{"line":177,"column":74}},"type":"cond-expr","locations":[{"start":{"line":177,"column":61},"end":{"line":177,"column":69}},{"start":{"line":177,"column":72},"end":{"line":177,"column":74}}],"line":177},"12":{"loc":{"start":{"line":184,"column":7},"end":{"line":246,"column":7}},"type":"binary-expr","locations":[{"start":{"line":184,"column":7},"end":{"line":184,"column":29}},{"start":{"line":185,"column":8},"end":{"line":245,"column":14}}],"line":184},"13":{"loc":{"start":{"line":190,"column":13},"end":{"line":205,"column":14}},"type":"binary-expr","locations":[{"start":{"line":190,"column":13},"end":{"line":190,"column":45}},{"start":{"line":190,"column":49},"end":{"line":205,"column":14}}],"line":190},"14":{"loc":{"start":{"line":210,"column":13},"end":{"line":225,"column":14}},"type":"binary-expr","locations":[{"start":{"line":210,"column":13},"end":{"line":210,"column":44}},{"start":{"line":210,"column":48},"end":{"line":225,"column":14}}],"line":210},"15":{"loc":{"start":{"line":230,"column":35},"end":{"line":230,"column":57}},"type":"cond-expr","locations":[{"start":{"line":230,"column":44},"end":{"line":230,"column":52}},{"start":{"line":230,"column":55},"end":{"line":230,"column":57}}],"line":230},"16":{"loc":{"start":{"line":234,"column":15},"end":{"line":234,"column":58}},"type":"cond-expr","locations":[{"start":{"line":234,"column":24},"end":{"line":234,"column":35}},{"start":{"line":234,"column":38},"end":{"line":234,"column":58}}],"line":234},"17":{"loc":{"start":{"line":248,"column":7},"end":{"line":294,"column":7}},"type":"binary-expr","locations":[{"start":{"line":248,"column":7},"end":{"line":248,"column":28}},{"start":{"line":249,"column":8},"end":{"line":293,"column":14}}],"line":248},"18":{"loc":{"start":{"line":296,"column":7},"end":{"line":336,"column":7}},"type":"binary-expr","locations":[{"start":{"line":296,"column":7},"end":{"line":296,"column":30}},{"start":{"line":297,"column":8},"end":{"line":335,"column":14}}],"line":296}},"s":{"0":1,"1":1,"2":10,"3":10,"4":10,"5":10,"6":10,"7":10,"8":10,"9":10,"10":10,"11":10,"12":3,"13":3,"14":3,"15":10,"16":3,"17":3,"18":3,"19":3,"20":3,"21":0,"22":0,"23":3,"24":10,"25":3,"26":3,"27":3,"28":0,"29":10,"30":3,"31":3,"32":3,"33":0,"34":10,"35":1,"36":1,"37":1,"38":1,"39":1,"40":1,"41":1,"42":1,"43":0,"44":0,"45":0,"46":0,"47":1,"48":10,"49":0,"50":0,"51":10,"52":0,"53":0,"54":0,"55":0,"56":0,"57":0,"58":0,"59":0,"60":0,"61":10,"62":0,"63":0,"64":0,"65":0,"66":0,"67":0,"68":0,"69":0,"70":0,"71":10,"72":0,"73":10,"74":0,"75":0,"76":0,"77":0,"78":0,"79":0,"80":10,"81":1,"82":1,"83":0,"84":0,"85":10,"86":3,"87":7,"88":0,"89":1,"90":1,"91":5,"92":0,"93":15,"94":0,"95":0,"96":0,"97":0,"98":0,"99":0,"100":0},"f":{"0":10,"1":3,"2":3,"3":3,"4":3,"5":1,"6":0,"7":0,"8":0,"9":0,"10":0,"11":0,"12":0,"13":0,"14":0,"15":1,"16":0,"17":0,"18":1,"19":1,"20":5,"21":0,"22":15,"23":0,"24":0,"25":0,"26":0,"27":0,"28":0,"29":0},"b":{"0":[1,1],"1":[0,0],"2":[0,0],"3":[0,0],"4":[0,0],"5":[1,0],"6":[3,7],"7":[7,0],"8":[7,1],"9":[5,2],"10":[1,6],"11":[1,6],"12":[7,5],"13":[5,5],"14":[5,5],"15":[1,4],"16":[1,4],"17":[7,1],"18":[7,1]},"_coverageSchema":"1a1c01bbd47fc00a2c39e90264f33305004495a9","hash":"58a348277e017c2e783bc320de918d03eb1d6c53"}
,"/app/frontend/src/components/Question.js": {"path":"/app/frontend/src/components/Question.js","statementMap":{"0":{"start":{"line":3,"column":17},"end":{"line":72,"column":1}},"1":{"start":{"line":10,"column":28},"end":{"line":14,"column":3}},"2":{"start":{"line":11,"column":4},"end":{"line":13,"column":5}},"3":{"start":{"line":12,"column":6},"end":{"line":12,"column":44}},"4":{"start":{"line":16,"column":25},"end":{"line":32,"column":3}},"5":{"start":{"line":17,"column":20},"end":{"line":17,"column":35}},"6":{"start":{"line":19,"column":4},"end":{"line":21,"column":5}},"7":{"start":{"line":20,"column":6},"end":{"line":20,"column":31}},"8":{"start":{"line":23,"column":4},"end":{"line":29,"column":5}},"9":{"start":{"line":24,"column":6},"end":{"line":28,"column":7}},"10":{"start":{"line":25,"column":8},"end":{"line":25,"column":32}},"11":{"start":{"line":26,"column":13},"end":{"line":28,"column":7}},"12":{"start":{"line":27,"column":8},"end":{"line":27,"column":34}},"13":{"start":{"line":31,"column":4},"end":{"line":31,"column":21}},"14":{"start":{"line":34,"column":29},"end":{"line":49,"column":3}},"15":{"start":{"line":35,"column":4},"end":{"line":35,"column":54}},"16":{"start":{"line":35,"column":42},"end":{"line":35,"column":54}},"17":{"start":{"line":37,"column":22},"end":{"line":37,"column":64}},"18":{"start":{"line":38,"column":26},"end":{"line":38,"column":90}},"19":{"start":{"line":38,"column":55},"end":{"line":38,"column":89}},"20":{"start":{"line":40,"column":4},"end":{"line":48,"column":6}},"21":{"start":{"line":51,"column":2},"end":{"line":71,"column":4}},"22":{"start":{"line":57,"column":10},"end":{"line":65,"column":15}},"23":{"start":{"line":60,"column":29},"end":{"line":60,"column":57}}},"fnMap":{"0":{"name":"(anonymous_0)","decl":{"start":{"line":3,"column":17},"end":{"line":3,"column":18}},"loc":{"start":{"line":9,"column":6},"end":{"line":72,"column":1}},"line":9},"1":{"name":"(anonymous_1)","decl":{"start":{"line":10,"column":28},"end":{"line":10,"column":29}},"loc":{"start":{"line":10,"column":42},"end":{"line":14,"column":3}},"line":10},"2":{"name":"(anonymous_2)","decl":{"start":{"line":16,"column":25},"end":{"line":16,"column":26}},"loc":{"start":{"line":16,"column":37},"end":{"line":32,"column":3}},"line":16},"3":{"name":"(anonymous_3)","decl":{"start":{"line":34,"column":29},"end":{"line":34,"column":30}},"loc":{"start":{"line":34,"column":35},"end":{"line":49,"column":3}},"line":34},"4":{"name":"(anonymous_4)","decl":{"start":{"line":38,"column":48},"end":{"line":38,"column":49}},"loc":{"start":{"line":38,"column":55},"end":{"line":38,"column":89}},"line":38},"5":{"name":"(anonymous_5)","decl":{"start":{"line":56,"column":30},"end":{"line":56,"column":31}},"loc":{"start":{"line":57,"column":10},"end":{"line":65,"column":15}},"line":57},"6":{"name":"(anonymous_6)","decl":{"start":{"line":60,"column":23},"end":{"line":60,"column":24}},"loc":{"start":{"line":60,"column":29},"end":{"line":60,"column":57}},"line":60}},"branchMap":{"0":{"loc":{"start":{"line":11,"column":4},"end":{"line":13,"column":5}},"type":"if","locations":[{"start":{"line":11,"column":4},"end":{"line":13,"column":5}},{"start":{},"end":{}}],"line":11},"1":{"loc":{"start":{"line":19,"column":4},"end":{"line":21,"column":5}},"type":"if","locations":[{"start":{"line":19,"column":4},"end":{"line":21,"column":5}},{"start":{},"end":{}}],"line":19},"2":{"loc":{"start":{"line":23,"column":4},"end":{"line":29,"column":5}},"type":"if","locations":[{"start":{"line":23,"column":4},"end":{"line":29,"column":5}},{"start":{},"end":{}}],"line":23},"3":{"loc":{"start":{"line":24,"column":6},"end":{"line":28,"column":7}},"type":"if","locations":[{"start":{"line":24,"column":6},"end":{"line":28,"column":7}},{"start":{"line":26,"column":13},"end":{"line":28,"column":7}}],"line":24},"4":{"loc":{"start":{"line":26,"column":13},"end":{"line":28,"column":7}},"type":"if","locations":[{"start":{"line":26,"column":13},"end":{"line":28,"column":7}},{"start":{},"end":{}}],"line":26},"5":{"loc":{"start":{"line":26,"column":17},"end":{"line":26,"column":86}},"type":"binary-expr","locations":[{"start":{"line":26,"column":17},"end":{"line":26,"column":45}},{"start":{"line":26,"column":49},"end":{"line":26,"column":86}}],"line":26},"6":{"loc":{"start":{"line":35,"column":4},"end":{"line":35,"column":54}},"type":"if","locations":[{"start":{"line":35,"column":4},"end":{"line":35,"column":54}},{"start":{},"end":{}}],"line":35},"7":{"loc":{"start":{"line":35,"column":8},"end":{"line":35,"column":40}},"type":"binary-expr","locations":[{"start":{"line":35,"column":8},"end":{"line":35,"column":21}},{"start":{"line":35,"column":25},"end":{"line":35,"column":40}}],"line":35},"8":{"loc":{"start":{"line":41,"column":34},"end":{"line":41,"column":69}},"type":"cond-expr","locations":[{"start":{"line":41,"column":46},"end":{"line":41,"column":55}},{"start":{"line":41,"column":58},"end":{"line":41,"column":69}}],"line":41},"9":{"loc":{"start":{"line":42,"column":9},"end":{"line":46,"column":9}},"type":"cond-expr","locations":[{"start":{"line":43,"column":10},"end":{"line":43,"column":34}},{"start":{"line":45,"column":10},"end":{"line":45,"column":70}}],"line":42}},"s":{"0":1,"1":6,"2":1,"3":1,"4":6,"5":24,"6":24,"7":3,"8":24,"9":8,"10":2,"11":6,"12":1,"13":24,"14":6,"15":6,"16":4,"17":2,"18":2,"19":6,"20":2,"21":6,"22":24,"23":1},"f":{"0":6,"1":1,"2":24,"3":6,"4":6,"5":24,"6":1},"b":{"0":[1,0],"1":[3,21],"2":[8,16],"3":[2,6],"4":[1,5],"5":[6,1],"6":[4,2],"7":[6,2],"8":[1,1],"9":[1,1]},"_coverageSchema":"1a1c01bbd47fc00a2c39e90264f33305004495a9","hash":"14b2fd9d039754102c9e591ba208d9978704f217"}
,"/app/frontend/src/components/Quiz.js": {"path":"/app/frontend/src/components/Quiz.js","statementMap":{"0":{"start":{"line":6,"column":21},"end":{"line":6,"column":82}},"1":{"start":{"line":8,"column":13},"end":{"line":182,"column":1}},"2":{"start":{"line":9,"column":36},"end":{"line":9,"column":48}},"3":{"start":{"line":10,"column":58},"end":{"line":10,"column":69}},"4":{"start":{"line":11,"column":32},"end":{"line":11,"column":44}},"5":{"start":{"line":12,"column":32},"end":{"line":12,"column":46}},"6":{"start":{"line":13,"column":28},"end":{"line":13,"column":42}},"7":{"start":{"line":14,"column":42},"end":{"line":14,"column":57}},"8":{"start":{"line":15,"column":32},"end":{"line":15,"column":46}},"9":{"start":{"line":16,"column":42},"end":{"line":16,"column":57}},"10":{"start":{"line":17,"column":46},"end":{"line":17,"column":60}},"11":{"start":{"line":19,"column":2},"end":{"line":21,"column":32}},"12":{"start":{"line":20,"column":4},"end":{"line":20,"column":21}},"13":{"start":{"line":23,"column":25},"end":{"line":50,"column":3}},"14":{"start":{"line":24,"column":4},"end":{"line":49,"column":5}},"15":{"start":{"line":25,"column":6},"end":{"line":25,"column":23}},"16":{"start":{"line":28,"column":6},"end":{"line":37,"column":7}},"17":{"start":{"line":30,"column":8},"end":{"line":30,"column":97}},"18":{"start":{"line":31,"column":8},"end":{"line":33,"column":9}},"19":{"start":{"line":32,"column":10},"end":{"line":32,"column":55}},"20":{"start":{"line":36,"column":8},"end":{"line":36,"column":96}},"21":{"start":{"line":39,"column":23},"end":{"line":39,"column":43}},"22":{"start":{"line":40,"column":6},"end":{"line":40,"column":34}},"23":{"start":{"line":41,"column":6},"end":{"line":41,"column":24}},"24":{"start":{"line":43,"column":6},"end":{"line":47,"column":7}},"25":{"start":{"line":44,"column":8},"end":{"line":44,"column":150}},"26":{"start":{"line":46,"column":8},"end":{"line":46,"column":70}},"27":{"start":{"line":48,"column":6},"end":{"line":48,"column":24}},"28":{"start":{"line":52,"column":29},"end":{"line":54,"column":3}},"29":{"start":{"line":53,"column":4},"end":{"line":53,"column":30}},"30":{"start":{"line":56,"column":29},"end":{"line":80,"column":3}},"31":{"start":{"line":57,"column":4},"end":{"line":57,"column":32}},"32":{"start":{"line":57,"column":25},"end":{"line":57,"column":32}},"33":{"start":{"line":59,"column":28},"end":{"line":59,"column":59}},"34":{"start":{"line":60,"column":22},"end":{"line":64,"column":5}},"35":{"start":{"line":66,"column":4},"end":{"line":66,"column":40}},"36":{"start":{"line":67,"column":4},"end":{"line":67,"column":26}},"37":{"start":{"line":70,"column":4},"end":{"line":79,"column":13}},"38":{"start":{"line":71,"column":6},"end":{"line":78,"column":7}},"39":{"start":{"line":72,"column":8},"end":{"line":72,"column":58}},"40":{"start":{"line":73,"column":8},"end":{"line":73,"column":32}},"41":{"start":{"line":74,"column":8},"end":{"line":74,"column":31}},"42":{"start":{"line":77,"column":8},"end":{"line":77,"column":44}},"43":{"start":{"line":82,"column":21},"end":{"line":92,"column":3}},"44":{"start":{"line":83,"column":4},"end":{"line":91,"column":5}},"45":{"start":{"line":84,"column":23},"end":{"line":86,"column":8}},"46":{"start":{"line":87,"column":6},"end":{"line":87,"column":32}},"47":{"start":{"line":88,"column":6},"end":{"line":88,"column":28}},"48":{"start":{"line":90,"column":6},"end":{"line":90,"column":59}},"49":{"start":{"line":94,"column":29},"end":{"line":96,"column":3}},"50":{"start":{"line":95,"column":4},"end":{"line":95,"column":43}},"51":{"start":{"line":98,"column":22},"end":{"line":100,"column":3}},"52":{"start":{"line":99,"column":4},"end":{"line":99,"column":65}},"53":{"start":{"line":102,"column":2},"end":{"line":112,"column":3}},"54":{"start":{"line":103,"column":27},"end":{"line":105,"column":42}},"55":{"start":{"line":107,"column":4},"end":{"line":111,"column":6}},"56":{"start":{"line":114,"column":2},"end":{"line":126,"column":3}},"57":{"start":{"line":115,"column":4},"end":{"line":125,"column":6}},"58":{"start":{"line":128,"column":2},"end":{"line":136,"column":3}},"59":{"start":{"line":129,"column":4},"end":{"line":135,"column":6}},"60":{"start":{"line":138,"column":2},"end":{"line":147,"column":3}},"61":{"start":{"line":139,"column":4},"end":{"line":146,"column":6}},"62":{"start":{"line":149,"column":2},"end":{"line":181,"column":4}}},"fnMap":{"0":{"name":"(anonymous_0)","decl":{"start":{"line":8,"column":13},"end":{"line":8,"column":14}},"loc":{"start":{"line":8,"column":57},"end":{"line":182,"column":1}},"line":8},"1":{"name":"(anonymous_1)","decl":{"start":{"line":19,"column":12},"end":{"line":19,"column":13}},"loc":{"start":{"line":19,"column":18},"end":{"line":21,"column":3}},"line":19},"2":{"name":"(anonymous_2)","decl":{"start":{"line":23,"column":25},"end":{"line":23,"column":26}},"loc":{"start":{"line":23,"column":37},"end":{"line":50,"column":3}},"line":23},"3":{"name":"(anonymous_3)","decl":{"start":{"line":52,"column":29},"end":{"line":52,"column":30}},"loc":{"start":{"line":52,"column":53},"end":{"line":54,"column":3}},"line":52},"4":{"name":"(anonymous_4)","decl":{"start":{"line":56,"column":29},"end":{"line":56,"column":30}},"loc":{"start":{"line":56,"column":35},"end":{"line":80,"column":3}},"line":56},"5":{"name":"(anonymous_5)","decl":{"start":{"line":70,"column":15},"end":{"line":70,"column":16}},"loc":{"start":{"line":70,"column":21},"end":{"line":79,"column":5}},"line":70},"6":{"name":"(anonymous_6)","decl":{"start":{"line":82,"column":21},"end":{"line":82,"column":22}},"loc":{"start":{"line":82,"column":45},"end":{"line":92,"column":3}},"line":82},"7":{"name":"(anonymous_7)","decl":{"start":{"line":94,"column":29},"end":{"line":94,"column":30}},"loc":{"start":{"line":94,"column":35},"end":{"line":96,"column":3}},"line":94},"8":{"name":"(anonymous_8)","decl":{"start":{"line":98,"column":22},"end":{"line":98,"column":23}},"loc":{"start":{"line":98,"column":28},"end":{"line":100,"column":3}},"line":98}},"branchMap":{"0":{"loc":{"start":{"line":6,"column":21},"end":{"line":6,"column":82}},"type":"binary-expr","locations":[{"start":{"line":6,"column":21},"end":{"line":6,"column":55}},{"start":{"line":6,"column":59},"end":{"line":6,"column":82}}],"line":6},"1":{"loc":{"start":{"line":28,"column":6},"end":{"line":37,"column":7}},"type":"if","locations":[{"start":{"line":28,"column":6},"end":{"line":37,"column":7}},{"start":{"line":34,"column":13},"end":{"line":37,"column":7}}],"line":28},"2":{"loc":{"start":{"line":31,"column":8},"end":{"line":33,"column":9}},"type":"if","locations":[{"start":{"line":31,"column":8},"end":{"line":33,"column":9}},{"start":{},"end":{}}],"line":31},"3":{"loc":{"start":{"line":43,"column":6},"end":{"line":47,"column":7}},"type":"if","locations":[{"start":{"line":43,"column":6},"end":{"line":47,"column":7}},{"start":{"line":45,"column":13},"end":{"line":47,"column":7}}],"line":43},"4":{"loc":{"start":{"line":57,"column":4},"end":{"line":57,"column":32}},"type":"if","locations":[{"start":{"line":57,"column":4},"end":{"line":57,"column":32}},{"start":{},"end":{}}],"line":57},"5":{"loc":{"start":{"line":71,"column":6},"end":{"line":78,"column":7}},"type":"if","locations":[{"start":{"line":71,"column":6},"end":{"line":78,"column":7}},{"start":{"line":75,"column":13},"end":{"line":78,"column":7}}],"line":71},"6":{"loc":{"start":{"line":102,"column":2},"end":{"line":112,"column":3}},"type":"if","locations":[{"start":{"line":102,"column":2},"end":{"line":112,"column":3}},{"start":{},"end":{}}],"line":102},"7":{"loc":{"start":{"line":103,"column":27},"end":{"line":105,"column":42}},"type":"cond-expr","locations":[{"start":{"line":104,"column":8},"end":{"line":104,"column":54}},{"start":{"line":105,"column":8},"end":{"line":105,"column":42}}],"line":103},"8":{"loc":{"start":{"line":114,"column":2},"end":{"line":126,"column":3}},"type":"if","locations":[{"start":{"line":114,"column":2},"end":{"line":126,"column":3}},{"start":{},"end":{}}],"line":114},"9":{"loc":{"start":{"line":128,"column":2},"end":{"line":136,"column":3}},"type":"if","locations":[{"start":{"line":128,"column":2},"end":{"line":136,"column":3}},{"start":{},"end":{}}],"line":128},"10":{"loc":{"start":{"line":128,"column":6},"end":{"line":128,"column":29}},"type":"binary-expr","locations":[{"start":{"line":128,"column":6},"end":{"line":128,"column":18}},{"start":{"line":128,"column":22},"end":{"line":128,"column":29}}],"line":128},"11":{"loc":{"start":{"line":138,"column":2},"end":{"line":147,"column":3}},"type":"if","locations":[{"start":{"line":138,"column":2},"end":{"line":147,"column":3}},{"start":{},"end":{}}],"line":138},"12":{"loc":{"start":{"line":171,"column":7},"end":{"line":179,"column":7}},"type":"binary-expr","locations":[{"start":{"line":171,"column":7},"end":{"line":171,"column":20}},{"start":{"line":172,"column":8},"end":{"line":178,"column":17}}],"line":171}},"s":{"0":0,"1":0,"2":0,"3":0,"4":0,"5":0,"6":0,"7":0,"8":0,"9":0,"10":0,"11":0,"12":0,"13":0,"14":0,"15":0,"16":0,"17":0,"18":0,"19":0,"20":0,"21":0,"22":0,"23":0,"24":0,"25":0,"26":0,"27":0,"28":0,"29":0,"30":0,"31":0,"32":0,"33":0,"34":0,"35":0,"36":0,"37":0,"38":0,"39":0,"40":0,"41":0,"42":0,"43":0,"44":0,"45":0,"46":0,"47":0,"48":0,"49":0,"50":0,"51":0,"52":0,"53":0,"54":0,"55":0,"56":0,"57":0,"58":0,"59":0,"60":0,"61":0,"62":0},"f":{"0":0,"1":0,"2":0,"3":0,"4":0,"5":0,"6":0,"7":0,"8":0},"b":{"0":[0,0],"1":[0,0],"2":[0,0],"3":[0,0],"4":[0,0],"5":[0,0],"6":[0,0],"7":[0,0],"8":[0,0],"9":[0,0],"10":[0,0],"11":[0,0],"12":[0,0]}}
,"/app/frontend/src/components/ScoreDisplay.js": {"path":"/app/frontend/src/components/ScoreDisplay.js","statementMap":{"0":{"start":{"line":3,"column":21},"end":{"line":87,"column":1}},"1":{"start":{"line":4,"column":26},"end":{"line":16,"column":3}},"2":{"start":{"line":5,"column":23},"end":{"line":5,"column":47}},"3":{"start":{"line":7,"column":4},"end":{"line":15,"column":5}},"4":{"start":{"line":8,"column":6},"end":{"line":8,"column":51}},"5":{"start":{"line":9,"column":11},"end":{"line":15,"column":5}},"6":{"start":{"line":10,"column":6},"end":{"line":10,"column":40}},"7":{"start":{"line":11,"column":11},"end":{"line":15,"column":5}},"8":{"start":{"line":12,"column":6},"end":{"line":12,"column":48}},"9":{"start":{"line":14,"column":6},"end":{"line":14,"column":47}},"10":{"start":{"line":18,"column":26},"end":{"line":20,"column":3}},"11":{"start":{"line":19,"column":4},"end":{"line":19,"column":52}},"12":{"start":{"line":19,"column":31},"end":{"line":19,"column":50}},"13":{"start":{"line":22,"column":24},"end":{"line":25,"column":3}},"14":{"start":{"line":23,"column":19},"end":{"line":23,"column":69}},"15":{"start":{"line":23,"column":49},"end":{"line":23,"column":68}},"16":{"start":{"line":24,"column":4},"end":{"line":24,"column":37}},"17":{"start":{"line":27,"column":2},"end":{"line":86,"column":4}},"18":{"start":{"line":46,"column":29},"end":{"line":46,"column":64}},"19":{"start":{"line":47,"column":12},"end":{"line":47,"column":39}},"20":{"start":{"line":47,"column":27},"end":{"line":47,"column":39}},"21":{"start":{"line":49,"column":12},"end":{"line":75,"column":14}}},"fnMap":{"0":{"name":"(anonymous_0)","decl":{"start":{"line":3,"column":21},"end":{"line":3,"column":22}},"loc":{"start":{"line":3,"column":60},"end":{"line":87,"column":1}},"line":3},"1":{"name":"(anonymous_1)","decl":{"start":{"line":4,"column":26},"end":{"line":4,"column":27}},"loc":{"start":{"line":4,"column":32},"end":{"line":16,"column":3}},"line":4},"2":{"name":"(anonymous_2)","decl":{"start":{"line":18,"column":26},"end":{"line":18,"column":27}},"loc":{"start":{"line":18,"column":42},"end":{"line":20,"column":3}},"line":18},"3":{"name":"(anonymous_3)","decl":{"start":{"line":19,"column":26},"end":{"line":19,"column":27}},"loc":{"start":{"line":19,"column":31},"end":{"line":19,"column":50}},"line":19},"4":{"name":"(anonymous_4)","decl":{"start":{"line":22,"column":24},"end":{"line":22,"column":25}},"loc":{"start":{"line":22,"column":48},"end":{"line":25,"column":3}},"line":22},"5":{"name":"(anonymous_5)","decl":{"start":{"line":23,"column":42},"end":{"line":23,"column":43}},"loc":{"start":{"line":23,"column":49},"end":{"line":23,"column":68}},"line":23},"6":{"name":"(anonymous_6)","decl":{"start":{"line":45,"column":31},"end":{"line":45,"column":32}},"loc":{"start":{"line":45,"column":50},"end":{"line":76,"column":11}},"line":45}},"branchMap":{"0":{"loc":{"start":{"line":7,"column":4},"end":{"line":15,"column":5}},"type":"if","locations":[{"start":{"line":7,"column":4},"end":{"line":15,"column":5}},{"start":{"line":9,"column":11},"end":{"line":15,"column":5}}],"line":7},"1":{"loc":{"start":{"line":9,"column":11},"end":{"line":15,"column":5}},"type":"if","locations":[{"start":{"line":9,"column":11},"end":{"line":15,"column":5}},{"start":{"line":11,"column":11},"end":{"line":15,"column":5}}],"line":9},"2":{"loc":{"start":{"line":11,"column":11},"end":{"line":15,"column":5}},"type":"if","locations":[{"start":{"line":11,"column":11},"end":{"line":15,"column":5}},{"start":{"line":13,"column":11},"end":{"line":15,"column":5}}],"line":11},"3":{"loc":{"start":{"line":24,"column":11},"end":{"line":24,"column":36}},"type":"binary-expr","locations":[{"start":{"line":24,"column":11},"end":{"line":24,"column":23}},{"start":{"line":24,"column":27},"end":{"line":24,"column":36}}],"line":24},"4":{"loc":{"start":{"line":47,"column":12},"end":{"line":47,"column":39}},"type":"if","locations":[{"start":{"line":47,"column":12},"end":{"line":47,"column":39}},{"start":{},"end":{}}],"line":47},"5":{"loc":{"start":{"line":55,"column":35},"end":{"line":55,"column":76}},"type":"cond-expr","locations":[{"start":{"line":55,"column":55},"end":{"line":55,"column":64}},{"start":{"line":55,"column":67},"end":{"line":55,"column":76}}],"line":55},"6":{"loc":{"start":{"line":56,"column":39},"end":{"line":56,"column":80}},"type":"cond-expr","locations":[{"start":{"line":56,"column":59},"end":{"line":56,"column":68}},{"start":{"line":56,"column":71},"end":{"line":56,"column":80}}],"line":56},"7":{"loc":{"start":{"line":66,"column":19},"end":{"line":66,"column":50}},"type":"cond-expr","locations":[{"start":{"line":66,"column":39},"end":{"line":66,"column":43}},{"start":{"line":66,"column":46},"end":{"line":66,"column":50}}],"line":66},"8":{"loc":{"start":{"line":69,"column":17},"end":{"line":73,"column":17}},"type":"binary-expr","locations":[{"start":{"line":69,"column":17},"end":{"line":69,"column":35}},{"start":{"line":70,"column":18},"end":{"line":72,"column":22}}],"line":69}},"s":{"0":1,"1":13,"2":13,"3":13,"4":6,"5":7,"6":1,"7":6,"8":3,"9":3,"10":13,"11":26,"12":39,"13":13,"14":32,"15":71,"16":32,"17":13,"18":26,"19":26,"20":0,"21":26},"f":{"0":13,"1":13,"2":26,"3":39,"4":32,"5":71,"6":26},"b":{"0":[6,7],"1":[1,6],"2":[3,3],"3":[32,0],"4":[0,26],"5":[20,6],"6":[20,6],"7":[20,6],"8":[26,6]},"_coverageSchema":"1a1c01bbd47fc00a2c39e90264f33305004495a9","hash":"1159ecf91a6509f2fed5807d52428d21b6c8ed22"}
,"/app/frontend/src/components/SubjectSelection.js": {"path":"/app/frontend/src/components/SubjectSelection.js","statementMap":{"0":{"start":{"line":4,"column":21},"end":{"line":4,"column":82}},"1":{"start":{"line":6,"column":25},"end":{"line":150,"column":1}},"2":{"start":{"line":7,"column":38},"end":{"line":7,"column":50}},"3":{"start":{"line":8,"column":50},"end":{"line":8,"column":62}},"4":{"start":{"line":9,"column":40},"end":{"line":9,"column":52}},"5":{"start":{"line":10,"column":46},"end":{"line":10,"column":66}},"6":{"start":{"line":11,"column":32},"end":{"line":11,"column":46}},"7":{"start":{"line":12,"column":28},"end":{"line":12,"column":42}},"8":{"start":{"line":14,"column":2},"end":{"line":16,"column":9}},"9":{"start":{"line":15,"column":4},"end":{"line":15,"column":22}},"10":{"start":{"line":18,"column":26},"end":{"line":28,"column":3}},"11":{"start":{"line":19,"column":4},"end":{"line":27,"column":5}},"12":{"start":{"line":20,"column":6},"end":{"line":20,"column":23}},"13":{"start":{"line":21,"column":23},"end":{"line":21,"column":72}},"14":{"start":{"line":22,"column":6},"end":{"line":22,"column":46}},"15":{"start":{"line":23,"column":6},"end":{"line":23,"column":24}},"16":{"start":{"line":25,"column":6},"end":{"line":25,"column":69}},"17":{"start":{"line":26,"column":6},"end":{"line":26,"column":24}},"18":{"start":{"line":30,"column":26},"end":{"line":47,"column":3}},"19":{"start":{"line":31,"column":26},"end":{"line":31,"column":82}},"20":{"start":{"line":33,"column":4},"end":{"line":39,"column":5}},"21":{"start":{"line":34,"column":23},"end":{"line":36,"column":48}},"22":{"start":{"line":37,"column":6},"end":{"line":37,"column":25}},"23":{"start":{"line":38,"column":6},"end":{"line":38,"column":13}},"24":{"start":{"line":41,"column":19},"end":{"line":44,"column":5}},"25":{"start":{"line":46,"column":4},"end":{"line":46,"column":32}},"26":{"start":{"line":49,"column":2},"end":{"line":55,"column":3}},"27":{"start":{"line":50,"column":4},"end":{"line":54,"column":6}},"28":{"start":{"line":57,"column":2},"end":{"line":66,"column":3}},"29":{"start":{"line":58,"column":4},"end":{"line":65,"column":6}},"30":{"start":{"line":68,"column":2},"end":{"line":149,"column":4}},"31":{"start":{"line":83,"column":33},"end":{"line":83,"column":66}},"32":{"start":{"line":96,"column":33},"end":{"line":96,"column":66}},"33":{"start":{"line":112,"column":31},"end":{"line":112,"column":66}},"34":{"start":{"line":117,"column":16},"end":{"line":119,"column":25}},"35":{"start":{"line":130,"column":31},"end":{"line":130,"column":61}}},"fnMap":{"0":{"name":"(anonymous_0)","decl":{"start":{"line":6,"column":25},"end":{"line":6,"column":26}},"loc":{"start":{"line":6,"column":54},"end":{"line":150,"column":1}},"line":6},"1":{"name":"(anonymous_1)","decl":{"start":{"line":14,"column":12},"end":{"line":14,"column":13}},"loc":{"start":{"line":14,"column":18},"end":{"line":16,"column":3}},"line":14},"2":{"name":"(anonymous_2)","decl":{"start":{"line":18,"column":26},"end":{"line":18,"column":27}},"loc":{"start":{"line":18,"column":38},"end":{"line":28,"column":3}},"line":18},"3":{"name":"(anonymous_3)","decl":{"start":{"line":30,"column":26},"end":{"line":30,"column":27}},"loc":{"start":{"line":30,"column":32},"end":{"line":47,"column":3}},"line":30},"4":{"name":"(anonymous_4)","decl":{"start":{"line":83,"column":26},"end":{"line":83,"column":27}},"loc":{"start":{"line":83,"column":33},"end":{"line":83,"column":66}},"line":83},"5":{"name":"(anonymous_5)","decl":{"start":{"line":96,"column":26},"end":{"line":96,"column":27}},"loc":{"start":{"line":96,"column":33},"end":{"line":96,"column":66}},"line":96},"6":{"name":"(anonymous_6)","decl":{"start":{"line":112,"column":24},"end":{"line":112,"column":25}},"loc":{"start":{"line":112,"column":31},"end":{"line":112,"column":66}},"line":112},"7":{"name":"(anonymous_7)","decl":{"start":{"line":116,"column":30},"end":{"line":116,"column":31}},"loc":{"start":{"line":117,"column":16},"end":{"line":119,"column":25}},"line":117},"8":{"name":"(anonymous_8)","decl":{"start":{"line":130,"column":24},"end":{"line":130,"column":25}},"loc":{"start":{"line":130,"column":31},"end":{"line":130,"column":61}},"line":130}},"branchMap":{"0":{"loc":{"start":{"line":4,"column":21},"end":{"line":4,"column":82}},"type":"binary-expr","locations":[{"start":{"line":4,"column":21},"end":{"line":4,"column":55}},{"start":{"line":4,"column":59},"end":{"line":4,"column":82}}],"line":4},"1":{"loc":{"start":{"line":31,"column":26},"end":{"line":31,"column":82}},"type":"cond-expr","locations":[{"start":{"line":31,"column":52},"end":{"line":31,"column":63}},{"start":{"line":31,"column":66},"end":{"line":31,"column":82}}],"line":31},"2":{"loc":{"start":{"line":33,"column":4},"end":{"line":39,"column":5}},"type":"if","locations":[{"start":{"line":33,"column":4},"end":{"line":39,"column":5}},{"start":{},"end":{}}],"line":33},"3":{"loc":{"start":{"line":34,"column":23},"end":{"line":36,"column":48}},"type":"cond-expr","locations":[{"start":{"line":35,"column":10},"end":{"line":35,"column":52}},{"start":{"line":36,"column":10},"end":{"line":36,"column":48}}],"line":34},"4":{"loc":{"start":{"line":49,"column":2},"end":{"line":55,"column":3}},"type":"if","locations":[{"start":{"line":49,"column":2},"end":{"line":55,"column":3}},{"start":{},"end":{}}],"line":49},"5":{"loc":{"start":{"line":57,"column":2},"end":{"line":66,"column":3}},"type":"if","locations":[{"start":{"line":57,"column":2},"end":{"line":66,"column":3}},{"start":{},"end":{}}],"line":57},"6":{"loc":{"start":{"line":106,"column":9},"end":{"line":138,"column":9}},"type":"cond-expr","locations":[{"start":{"line":107,"column":10},"end":{"line":122,"column":16}},{"start":{"line":124,"column":10},"end":{"line":137,"column":16}}],"line":106},"7":{"loc":{"start":{"line":143,"column":20},"end":{"line":143,"column":84}},"type":"cond-expr","locations":[{"start":{"line":143,"column":52},"end":{"line":143,"column":69}},{"start":{"line":143,"column":72},"end":{"line":143,"column":84}}],"line":143}},"s":{"0":1,"1":1,"2":27,"3":27,"4":27,"5":27,"6":27,"7":27,"8":27,"9":10,"10":27,"11":10,"12":10,"13":10,"14":9,"15":9,"16":1,"17":1,"18":27,"19":2,"20":2,"21":0,"22":0,"23":0,"24":2,"25":2,"26":27,"27":10,"28":17,"29":1,"30":16,"31":1,"32":4,"33":1,"34":18,"35":1},"f":{"0":27,"1":10,"2":10,"3":2,"4":1,"5":4,"6":1,"7":18,"8":1},"b":{"0":[1,1],"1":[1,1],"2":[0,2],"3":[0,0],"4":[10,17],"5":[1,16],"6":[11,5],"7":[11,5]},"_coverageSchema":"1a1c01bbd47fc00a2c39e90264f33305004495a9","hash":"fb58cb2120d3f7454cd92f9d6f7eb985ad1792ef"}
}
