TN:
SF:src/App.js
FN:7,App
FN:12,(anonymous_1)
FN:14,(anonymous_2)
FN:27,(anonymous_3)
FN:32,(anonymous_4)
FN:44,(anonymous_5)
FN:49,(anonymous_6)
FN:54,(anonymous_7)
FN:60,(anonymous_8)
FN:65,(anonymous_9)
FNF:10
FNH:0
FNDA:0,App
FNDA:0,(anonymous_1)
FNDA:0,(anonymous_2)
FNDA:0,(anonymous_3)
FNDA:0,(anonymous_4)
FNDA:0,(anonymous_5)
FNDA:0,(anonymous_6)
FNDA:0,(anonymous_7)
FNDA:0,(anonymous_8)
FNDA:0,(anonymous_9)
DA:8,0
DA:9,0
DA:10,0
DA:12,0
DA:14,0
DA:15,0
DA:16,0
DA:17,0
DA:21,0
DA:22,0
DA:25,0
DA:27,0
DA:28,0
DA:32,0
DA:33,0
DA:34,0
DA:35,0
DA:36,0
DA:37,0
DA:40,0
DA:44,0
DA:45,0
DA:46,0
DA:49,0
DA:50,0
DA:51,0
DA:54,0
DA:55,0
DA:56,0
DA:57,0
DA:60,0
DA:61,0
DA:62,0
DA:65,0
DA:66,0
DA:67,0
DA:68,0
DA:71,0
LF:38
LH:0
BRDA:16,0,0,0
BRDA:16,0,1,0
BRDA:34,1,0,0
BRDA:34,1,1,0
BRDA:35,2,0,0
BRDA:35,2,1,0
BRDA:73,3,0,0
BRDA:73,3,1,0
BRDA:77,4,0,0
BRDA:77,4,1,0
BRDA:81,5,0,0
BRDA:81,5,1,0
BRDA:94,6,0,0
BRDA:94,6,1,0
BRDA:98,7,0,0
BRDA:98,7,1,0
BRDA:98,7,2,0
BRDA:106,8,0,0
BRDA:106,8,1,0
BRF:19
BRH:0
end_of_record
TN:
SF:src/components/AdminPanel.js
FN:6,(anonymous_0)
FN:22,(anonymous_1)
FN:28,(anonymous_2)
FN:34,(anonymous_3)
FNF:4
FNH:0
FNDA:0,(anonymous_0)
FNDA:0,(anonymous_1)
FNDA:0,(anonymous_2)
FNDA:0,(anonymous_3)
DA:6,0
DA:7,0
DA:9,0
DA:22,0
DA:28,0
DA:34,0
LF:6
LH:0
BRDA:21,0,0,0
BRDA:21,0,1,0
BRDA:27,1,0,0
BRDA:27,1,1,0
BRDA:33,2,0,0
BRDA:33,2,1,0
BRDA:41,3,0,0
BRDA:41,3,1,0
BRDA:44,4,0,0
BRDA:44,4,1,0
BRDA:47,5,0,0
BRDA:47,5,1,0
BRF:12
BRH:0
end_of_record
TN:
SF:src/components/AdminQuestions.js
FN:6,(anonymous_0)
FN:14,(anonymous_1)
FN:18,(anonymous_2)
FN:33,(anonymous_3)
FN:37,(anonymous_4)
FN:43,(anonymous_5)
FN:46,(anonymous_6)
FN:49,(anonymous_7)
FN:51,(anonymous_8)
FN:56,(anonymous_9)
FN:58,(anonymous_10)
FN:63,(anonymous_11)
FN:65,(anonymous_12)
FN:70,(anonymous_13)
FN:80,(anonymous_14)
FN:80,(anonymous_15)
FN:86,(anonymous_16)
FN:89,(anonymous_17)
FN:90,(anonymous_18)
FN:96,(anonymous_19)
FN:100,(anonymous_20)
FN:101,(anonymous_21)
FN:107,(anonymous_22)
FN:108,(anonymous_23)
FN:110,(anonymous_24)
FN:154,(anonymous_25)
FN:158,(anonymous_26)
FN:166,(anonymous_27)
FN:180,(anonymous_28)
FN:191,(anonymous_29)
FN:198,(anonymous_30)
FN:204,(anonymous_31)
FN:211,(anonymous_32)
FN:221,(anonymous_33)
FN:246,(anonymous_34)
FNF:35
FNH:10
FNDA:10,(anonymous_0)
FNDA:5,(anonymous_1)
FNDA:5,(anonymous_2)
FNDA:1,(anonymous_3)
FNDA:4,(anonymous_4)
FNDA:0,(anonymous_5)
FNDA:0,(anonymous_6)
FNDA:0,(anonymous_7)
FNDA:0,(anonymous_8)
FNDA:0,(anonymous_9)
FNDA:0,(anonymous_10)
FNDA:0,(anonymous_11)
FNDA:0,(anonymous_12)
FNDA:0,(anonymous_13)
FNDA:0,(anonymous_14)
FNDA:0,(anonymous_15)
FNDA:0,(anonymous_16)
FNDA:0,(anonymous_17)
FNDA:0,(anonymous_18)
FNDA:0,(anonymous_19)
FNDA:0,(anonymous_20)
FNDA:0,(anonymous_21)
FNDA:0,(anonymous_22)
FNDA:0,(anonymous_23)
FNDA:0,(anonymous_24)
FNDA:4,(anonymous_25)
FNDA:4,(anonymous_26)
FNDA:1,(anonymous_27)
FNDA:0,(anonymous_28)
FNDA:0,(anonymous_29)
FNDA:4,(anonymous_30)
FNDA:0,(anonymous_31)
FNDA:0,(anonymous_32)
FNDA:0,(anonymous_33)
FNDA:12,(anonymous_34)
DA:4,1
DA:6,1
DA:7,10
DA:8,10
DA:9,10
DA:10,10
DA:11,10
DA:12,10
DA:14,10
DA:15,5
DA:18,10
DA:19,5
DA:20,5
DA:21,5
DA:23,5
DA:24,3
DA:26,1
DA:27,1
DA:29,4
DA:33,10
DA:34,1
DA:35,1
DA:37,4
DA:43,10
DA:44,0
DA:45,0
DA:46,0
DA:49,10
DA:50,0
DA:51,0
DA:52,0
DA:56,0
DA:57,0
DA:58,0
DA:59,0
DA:63,0
DA:64,0
DA:65,0
DA:66,0
DA:69,0
DA:70,0
DA:72,0
DA:80,0
DA:81,0
DA:84,0
DA:85,0
DA:86,0
DA:89,0
DA:90,0
DA:94,0
DA:95,0
DA:96,0
DA:100,10
DA:101,0
DA:107,10
DA:108,0
DA:111,0
DA:116,10
DA:117,5
DA:124,5
DA:125,1
DA:140,4
DA:154,4
DA:159,4
DA:166,1
DA:180,0
DA:191,0
DA:199,4
DA:204,0
DA:211,0
DA:221,0
DA:247,12
LF:72
LH:37
BRDA:4,0,0,1
BRDA:4,0,1,1
BRDA:6,1,0,10
BRDA:50,2,0,0
BRDA:50,2,1,0
BRDA:57,3,0,0
BRDA:57,3,1,0
BRDA:64,4,0,0
BRDA:64,4,1,0
BRDA:81,5,0,0
BRDA:81,5,1,0
BRDA:95,6,0,0
BRDA:95,6,1,0
BRDA:111,7,0,0
BRDA:111,7,1,0
BRDA:116,8,0,5
BRDA:116,8,1,5
BRDA:124,9,0,1
BRDA:124,9,1,4
BRDA:131,10,0,1
BRDA:131,10,1,1
BRDA:141,11,0,0
BRDA:141,11,1,4
BRDA:142,12,0,4
BRDA:142,12,1,4
BRDA:163,13,0,4
BRDA:163,13,1,3
BRDA:173,14,0,1
BRDA:173,14,1,3
BRDA:233,15,0,1
BRDA:233,15,1,0
BRDA:249,16,0,3
BRDA:249,16,1,9
BRDA:253,17,0,12
BRDA:253,17,1,3
BRDA:262,18,0,4
BRDA:262,18,1,0
BRDA:262,18,2,0
BRF:38
BRH:22
end_of_record
TN:
SF:src/components/LLMSettings.js
FN:6,(anonymous_0)
FN:19,(anonymous_1)
FN:25,(anonymous_2)
FN:40,(anonymous_3)
FN:49,(anonymous_4)
FN:63,(anonymous_5)
FN:75,(anonymous_6)
FN:80,(anonymous_7)
FN:93,(anonymous_8)
FN:94,(anonymous_9)
FN:100,(anonymous_10)
FN:106,(anonymous_11)
FN:231,(anonymous_12)
FN:245,(anonymous_13)
FN:248,(anonymous_14)
FN:259,(anonymous_15)
FN:273,(anonymous_16)
FN:276,(anonymous_17)
FN:287,(anonymous_18)
FNF:19
FNH:0
FNDA:0,(anonymous_0)
FNDA:0,(anonymous_1)
FNDA:0,(anonymous_2)
FNDA:0,(anonymous_3)
FNDA:0,(anonymous_4)
FNDA:0,(anonymous_5)
FNDA:0,(anonymous_6)
FNDA:0,(anonymous_7)
FNDA:0,(anonymous_8)
FNDA:0,(anonymous_9)
FNDA:0,(anonymous_10)
FNDA:0,(anonymous_11)
FNDA:0,(anonymous_12)
FNDA:0,(anonymous_13)
FNDA:0,(anonymous_14)
FNDA:0,(anonymous_15)
FNDA:0,(anonymous_16)
FNDA:0,(anonymous_17)
FNDA:0,(anonymous_18)
DA:4,0
DA:6,0
DA:7,0
DA:8,0
DA:9,0
DA:10,0
DA:11,0
DA:12,0
DA:13,0
DA:14,0
DA:19,0
DA:20,0
DA:21,0
DA:22,0
DA:25,0
DA:26,0
DA:27,0
DA:28,0
DA:29,0
DA:30,0
DA:31,0
DA:33,0
DA:34,0
DA:36,0
DA:40,0
DA:41,0
DA:42,0
DA:43,0
DA:45,0
DA:49,0
DA:50,0
DA:51,0
DA:52,0
DA:54,0
DA:59,0
DA:63,0
DA:64,0
DA:65,0
DA:66,0
DA:67,0
DA:69,0
DA:71,0
DA:72,0
DA:75,0
DA:76,0
DA:80,0
DA:81,0
DA:85,0
DA:86,0
DA:87,0
DA:89,0
DA:93,0
DA:94,0
DA:100,0
DA:101,0
DA:102,0
DA:103,0
DA:106,0
DA:107,0
DA:108,0
DA:109,0
DA:110,0
DA:113,0
DA:114,0
DA:121,0
DA:122,0
DA:132,0
DA:231,0
DA:245,0
DA:249,0
DA:259,0
DA:273,0
DA:277,0
DA:287,0
LF:74
LH:0
BRDA:4,0,0,0
BRDA:4,0,1,0
BRDA:55,1,0,0
BRDA:55,1,1,0
BRDA:56,2,0,0
BRDA:56,2,1,0
BRDA:86,3,0,0
BRDA:86,3,1,0
BRDA:102,4,0,0
BRDA:102,4,1,0
BRDA:103,5,0,0
BRDA:103,5,1,0
BRDA:108,6,0,0
BRDA:108,6,1,0
BRDA:109,7,0,0
BRDA:109,7,1,0
BRDA:110,8,0,0
BRDA:110,8,1,0
BRDA:113,9,0,0
BRDA:113,9,1,0
BRDA:121,10,0,0
BRDA:121,10,1,0
BRDA:121,11,0,0
BRDA:121,11,1,0
BRDA:138,12,0,0
BRDA:138,12,1,0
BRDA:144,13,0,0
BRDA:144,13,1,0
BRDA:158,14,0,0
BRDA:158,14,1,0
BRDA:170,15,0,0
BRDA:170,15,1,0
BRDA:178,16,0,0
BRDA:178,16,1,0
BRDA:195,17,0,0
BRDA:195,17,1,0
BRDA:211,18,0,0
BRDA:211,18,1,0
BRDA:215,19,0,0
BRDA:215,19,1,0
BRDA:230,20,0,0
BRDA:230,20,1,0
BRDA:239,21,0,0
BRDA:239,21,1,0
BRDA:244,22,0,0
BRDA:244,22,1,0
BRDA:258,23,0,0
BRDA:258,23,1,0
BRDA:267,24,0,0
BRDA:267,24,1,0
BRDA:272,25,0,0
BRDA:272,25,1,0
BRDA:286,26,0,0
BRDA:286,26,1,0
BRDA:286,27,0,0
BRDA:286,27,1,0
BRDA:300,28,0,0
BRDA:300,28,1,0
BRDA:304,29,0,0
BRDA:304,29,1,0
BRF:60
BRH:0
end_of_record
TN:
SF:src/components/LoggingSettings.js
FN:6,(anonymous_0)
FN:17,(anonymous_1)
FN:23,(anonymous_2)
FN:37,(anonymous_3)
FN:46,(anonymous_4)
FN:55,(anonymous_5)
FN:67,(anonymous_6)
FN:80,(anonymous_7)
FN:81,(anonymous_8)
FN:93,(anonymous_9)
FN:99,(anonymous_10)
FN:106,(anonymous_11)
FN:112,(anonymous_12)
FN:119,(anonymous_13)
FN:123,(anonymous_14)
FN:131,(anonymous_15)
FN:133,(anonymous_16)
FN:166,(anonymous_17)
FN:172,(anonymous_18)
FN:178,(anonymous_19)
FN:190,(anonymous_20)
FN:195,(anonymous_21)
FN:210,(anonymous_22)
FN:215,(anonymous_23)
FN:253,(anonymous_24)
FN:264,(anonymous_25)
FN:270,(anonymous_26)
FN:276,(anonymous_27)
FN:305,(anonymous_28)
FN:326,(anonymous_29)
FNF:30
FNH:11
FNDA:10,(anonymous_0)
FNDA:3,(anonymous_1)
FNDA:3,(anonymous_2)
FNDA:3,(anonymous_3)
FNDA:3,(anonymous_4)
FNDA:1,(anonymous_5)
FNDA:0,(anonymous_6)
FNDA:0,(anonymous_7)
FNDA:0,(anonymous_8)
FNDA:0,(anonymous_9)
FNDA:0,(anonymous_10)
FNDA:0,(anonymous_11)
FNDA:0,(anonymous_12)
FNDA:0,(anonymous_13)
FNDA:0,(anonymous_14)
FNDA:1,(anonymous_15)
FNDA:0,(anonymous_16)
FNDA:0,(anonymous_17)
FNDA:1,(anonymous_18)
FNDA:1,(anonymous_19)
FNDA:5,(anonymous_20)
FNDA:0,(anonymous_21)
FNDA:15,(anonymous_22)
FNDA:0,(anonymous_23)
FNDA:0,(anonymous_24)
FNDA:0,(anonymous_25)
FNDA:0,(anonymous_26)
FNDA:0,(anonymous_27)
FNDA:0,(anonymous_28)
FNDA:0,(anonymous_29)
DA:4,1
DA:6,1
DA:7,10
DA:8,10
DA:9,10
DA:10,10
DA:11,10
DA:12,10
DA:13,10
DA:14,10
DA:15,10
DA:17,10
DA:18,3
DA:19,3
DA:20,3
DA:23,10
DA:24,3
DA:25,3
DA:26,3
DA:27,3
DA:28,3
DA:30,0
DA:31,0
DA:33,3
DA:37,10
DA:38,3
DA:39,3
DA:40,3
DA:42,0
DA:46,10
DA:47,3
DA:48,3
DA:49,3
DA:51,0
DA:55,10
DA:56,1
DA:57,1
DA:58,1
DA:59,1
DA:61,1
DA:63,1
DA:64,1
DA:67,1
DA:68,0
DA:72,0
DA:73,0
DA:74,0
DA:76,1
DA:80,10
DA:81,0
DA:93,10
DA:94,0
DA:95,0
DA:96,0
DA:97,0
DA:98,0
DA:99,0
DA:101,0
DA:102,0
DA:106,10
DA:107,0
DA:108,0
DA:109,0
DA:110,0
DA:111,0
DA:112,0
DA:114,0
DA:115,0
DA:119,10
DA:120,0
DA:123,10
DA:124,0
DA:125,0
DA:126,0
DA:127,0
DA:128,0
DA:131,10
DA:132,1
DA:133,0
DA:136,10
DA:137,3
DA:144,7
DA:166,0
DA:172,1
DA:178,1
DA:191,5
DA:195,0
DA:211,15
DA:215,0
DA:254,0
DA:264,0
DA:270,0
DA:276,0
DA:305,0
DA:327,0
LF:95
LH:54
BRDA:4,0,0,1
BRDA:4,0,1,1
BRDA:73,1,0,0
BRDA:73,1,1,0
BRDA:102,2,0,0
BRDA:102,2,1,0
BRDA:115,3,0,0
BRDA:115,3,1,0
BRDA:124,4,0,0
BRDA:124,4,1,0
BRDA:132,5,0,1
BRDA:132,5,1,0
BRDA:136,6,0,3
BRDA:136,6,1,7
BRDA:151,7,0,7
BRDA:151,7,1,0
BRDA:157,8,0,7
BRDA:157,8,1,1
BRDA:165,9,0,5
BRDA:165,9,1,2
BRDA:171,10,0,1
BRDA:171,10,1,6
BRDA:177,11,0,1
BRDA:177,11,1,6
BRDA:184,12,0,7
BRDA:184,12,1,5
BRDA:190,13,0,5
BRDA:190,13,1,5
BRDA:210,14,0,5
BRDA:210,14,1,5
BRDA:230,15,0,1
BRDA:230,15,1,4
BRDA:234,16,0,1
BRDA:234,16,1,4
BRDA:248,17,0,7
BRDA:248,17,1,1
BRDA:296,18,0,7
BRDA:296,18,1,1
BRF:38
BRH:28
end_of_record
TN:
SF:src/components/Question.js
FN:3,(anonymous_0)
FN:10,(anonymous_1)
FN:16,(anonymous_2)
FN:34,(anonymous_3)
FN:38,(anonymous_4)
FN:56,(anonymous_5)
FN:60,(anonymous_6)
FNF:7
FNH:7
FNDA:6,(anonymous_0)
FNDA:1,(anonymous_1)
FNDA:24,(anonymous_2)
FNDA:6,(anonymous_3)
FNDA:6,(anonymous_4)
FNDA:24,(anonymous_5)
FNDA:1,(anonymous_6)
DA:3,1
DA:10,6
DA:11,1
DA:12,1
DA:16,6
DA:17,24
DA:19,24
DA:20,3
DA:23,24
DA:24,8
DA:25,2
DA:26,6
DA:27,1
DA:31,24
DA:34,6
DA:35,6
DA:37,2
DA:38,6
DA:40,2
DA:51,6
DA:57,24
DA:60,1
LF:22
LH:22
BRDA:11,0,0,1
BRDA:11,0,1,0
BRDA:19,1,0,3
BRDA:19,1,1,21
BRDA:23,2,0,8
BRDA:23,2,1,16
BRDA:24,3,0,2
BRDA:24,3,1,6
BRDA:26,4,0,1
BRDA:26,4,1,5
BRDA:26,5,0,6
BRDA:26,5,1,1
BRDA:35,6,0,4
BRDA:35,6,1,2
BRDA:35,7,0,6
BRDA:35,7,1,2
BRDA:41,8,0,1
BRDA:41,8,1,1
BRDA:42,9,0,1
BRDA:42,9,1,1
BRF:20
BRH:19
end_of_record
TN:
SF:src/components/Quiz.js
FN:8,(anonymous_0)
FN:19,(anonymous_1)
FN:23,(anonymous_2)
FN:52,(anonymous_3)
FN:56,(anonymous_4)
FN:70,(anonymous_5)
FN:82,(anonymous_6)
FN:94,(anonymous_7)
FN:98,(anonymous_8)
FNF:9
FNH:0
FNDA:0,(anonymous_0)
FNDA:0,(anonymous_1)
FNDA:0,(anonymous_2)
FNDA:0,(anonymous_3)
FNDA:0,(anonymous_4)
FNDA:0,(anonymous_5)
FNDA:0,(anonymous_6)
FNDA:0,(anonymous_7)
FNDA:0,(anonymous_8)
DA:6,0
DA:8,0
DA:9,0
DA:10,0
DA:11,0
DA:12,0
DA:13,0
DA:14,0
DA:15,0
DA:16,0
DA:17,0
DA:19,0
DA:20,0
DA:23,0
DA:24,0
DA:25,0
DA:28,0
DA:30,0
DA:31,0
DA:32,0
DA:36,0
DA:39,0
DA:40,0
DA:41,0
DA:43,0
DA:44,0
DA:46,0
DA:48,0
DA:52,0
DA:53,0
DA:56,0
DA:57,0
DA:59,0
DA:60,0
DA:66,0
DA:67,0
DA:70,0
DA:71,0
DA:72,0
DA:73,0
DA:74,0
DA:77,0
DA:82,0
DA:83,0
DA:84,0
DA:87,0
DA:88,0
DA:90,0
DA:94,0
DA:95,0
DA:98,0
DA:99,0
DA:102,0
DA:103,0
DA:107,0
DA:114,0
DA:115,0
DA:128,0
DA:129,0
DA:138,0
DA:139,0
DA:149,0
LF:62
LH:0
BRDA:6,0,0,0
BRDA:6,0,1,0
BRDA:28,1,0,0
BRDA:28,1,1,0
BRDA:31,2,0,0
BRDA:31,2,1,0
BRDA:43,3,0,0
BRDA:43,3,1,0
BRDA:57,4,0,0
BRDA:57,4,1,0
BRDA:71,5,0,0
BRDA:71,5,1,0
BRDA:102,6,0,0
BRDA:102,6,1,0
BRDA:103,7,0,0
BRDA:103,7,1,0
BRDA:114,8,0,0
BRDA:114,8,1,0
BRDA:128,9,0,0
BRDA:128,9,1,0
BRDA:128,10,0,0
BRDA:128,10,1,0
BRDA:138,11,0,0
BRDA:138,11,1,0
BRDA:171,12,0,0
BRDA:171,12,1,0
BRF:26
BRH:0
end_of_record
TN:
SF:src/components/ScoreDisplay.js
FN:3,(anonymous_0)
FN:4,(anonymous_1)
FN:18,(anonymous_2)
FN:19,(anonymous_3)
FN:22,(anonymous_4)
FN:23,(anonymous_5)
FN:45,(anonymous_6)
FNF:7
FNH:7
FNDA:13,(anonymous_0)
FNDA:13,(anonymous_1)
FNDA:26,(anonymous_2)
FNDA:39,(anonymous_3)
FNDA:32,(anonymous_4)
FNDA:71,(anonymous_5)
FNDA:26,(anonymous_6)
DA:3,1
DA:4,13
DA:5,13
DA:7,13
DA:8,6
DA:9,7
DA:10,1
DA:11,6
DA:12,3
DA:14,3
DA:18,13
DA:19,39
DA:22,13
DA:23,71
DA:24,32
DA:27,13
DA:46,26
DA:47,26
DA:49,26
LF:19
LH:19
BRDA:7,0,0,6
BRDA:7,0,1,7
BRDA:9,1,0,1
BRDA:9,1,1,6
BRDA:11,2,0,3
BRDA:11,2,1,3
BRDA:24,3,0,32
BRDA:24,3,1,0
BRDA:47,4,0,0
BRDA:47,4,1,26
BRDA:55,5,0,20
BRDA:55,5,1,6
BRDA:56,6,0,20
BRDA:56,6,1,6
BRDA:66,7,0,20
BRDA:66,7,1,6
BRDA:69,8,0,26
BRDA:69,8,1,6
BRF:18
BRH:16
end_of_record
TN:
SF:src/components/SubjectSelection.js
FN:6,(anonymous_0)
FN:14,(anonymous_1)
FN:18,(anonymous_2)
FN:30,(anonymous_3)
FN:83,(anonymous_4)
FN:96,(anonymous_5)
FN:112,(anonymous_6)
FN:116,(anonymous_7)
FN:130,(anonymous_8)
FNF:9
FNH:9
FNDA:27,(anonymous_0)
FNDA:10,(anonymous_1)
FNDA:10,(anonymous_2)
FNDA:2,(anonymous_3)
FNDA:1,(anonymous_4)
FNDA:4,(anonymous_5)
FNDA:1,(anonymous_6)
FNDA:18,(anonymous_7)
FNDA:1,(anonymous_8)
DA:4,1
DA:6,1
DA:7,27
DA:8,27
DA:9,27
DA:10,27
DA:11,27
DA:12,27
DA:14,27
DA:15,10
DA:18,27
DA:19,10
DA:20,10
DA:21,10
DA:22,9
DA:23,9
DA:25,1
DA:26,1
DA:30,27
DA:31,2
DA:33,2
DA:34,0
DA:37,0
DA:38,0
DA:41,2
DA:46,2
DA:49,27
DA:50,10
DA:57,17
DA:58,1
DA:68,16
DA:83,1
DA:96,4
DA:112,1
DA:117,18
DA:130,1
LF:36
LH:33
BRDA:4,0,0,1
BRDA:4,0,1,1
BRDA:31,1,0,1
BRDA:31,1,1,1
BRDA:33,2,0,0
BRDA:33,2,1,2
BRDA:34,3,0,0
BRDA:34,3,1,0
BRDA:49,4,0,10
BRDA:49,4,1,17
BRDA:57,5,0,1
BRDA:57,5,1,16
BRDA:106,6,0,11
BRDA:106,6,1,5
BRDA:143,7,0,11
BRDA:143,7,1,5
BRF:16
BRH:13
end_of_record
