TN:
SF:src/App.js
FN:6,App
FN:10,(anonymous_1)
FN:14,(anonymous_2)
FN:19,(anonymous_3)
FNF:4
FNH:0
FNDA:0,App
FNDA:0,(anonymous_1)
FNDA:0,(anonymous_2)
FNDA:0,(anonymous_3)
DA:7,0
DA:8,0
DA:10,0
DA:11,0
DA:14,0
DA:15,0
DA:16,0
DA:19,0
DA:20,0
DA:21,0
DA:24,0
LF:11
LH:0
BRDA:26,0,0,0
BRDA:26,0,1,0
BRDA:36,1,0,0
BRDA:36,1,1,0
BRDA:40,2,0,0
BRDA:40,2,1,0
BRDA:40,2,2,0
BRF:7
BRH:0
end_of_record
TN:
SF:src/index.js
FNF:0
FNH:0
DA:6,0
DA:7,0
LF:2
LH:0
BRF:0
BRH:0
end_of_record
TN:
SF:src/components/Question.js
FN:3,(anonymous_0)
FN:10,(anonymous_1)
FN:16,(anonymous_2)
FN:34,(anonymous_3)
FN:38,(anonymous_4)
FN:56,(anonymous_5)
FN:60,(anonymous_6)
FNF:7
FNH:7
FNDA:29,(anonymous_0)
FNDA:8,(anonymous_1)
FNDA:116,(anonymous_2)
FNDA:29,(anonymous_3)
FNDA:16,(anonymous_4)
FNDA:116,(anonymous_5)
FNDA:8,(anonymous_6)
DA:3,2
DA:10,29
DA:11,8
DA:12,8
DA:16,29
DA:17,116
DA:19,116
DA:20,15
DA:23,116
DA:24,28
DA:25,7
DA:26,21
DA:27,1
DA:31,116
DA:34,29
DA:35,29
DA:37,7
DA:38,16
DA:40,7
DA:51,29
DA:57,116
DA:60,8
LF:22
LH:22
BRDA:11,0,0,8
BRDA:11,0,1,0
BRDA:19,1,0,15
BRDA:19,1,1,101
BRDA:23,2,0,28
BRDA:23,2,1,88
BRDA:24,3,0,7
BRDA:24,3,1,21
BRDA:26,4,0,1
BRDA:26,4,1,20
BRDA:26,5,0,21
BRDA:26,5,1,1
BRDA:35,6,0,22
BRDA:35,6,1,7
BRDA:35,7,0,29
BRDA:35,7,1,7
BRDA:41,8,0,6
BRDA:41,8,1,1
BRDA:42,9,0,6
BRDA:42,9,1,1
BRF:20
BRH:19
end_of_record
TN:
SF:src/components/Quiz.js
FN:8,(anonymous_0)
FN:20,(anonymous_1)
FN:25,(anonymous_2)
FN:26,(anonymous_3)
FN:34,(anonymous_4)
FN:60,(anonymous_5)
FN:64,(anonymous_6)
FN:84,(anonymous_7)
FN:97,(anonymous_8)
FN:109,(anonymous_9)
FN:113,(anonymous_10)
FNF:11
FNH:10
FNDA:31,(anonymous_0)
FNDA:7,(anonymous_1)
FNDA:9,(anonymous_2)
FNDA:9,(anonymous_3)
FNDA:7,(anonymous_4)
FNDA:7,(anonymous_5)
FNDA:4,(anonymous_6)
FNDA:3,(anonymous_7)
FNDA:0,(anonymous_8)
FNDA:23,(anonymous_9)
FNDA:23,(anonymous_10)
DA:6,1
DA:8,1
DA:9,31
DA:10,31
DA:11,31
DA:12,31
DA:13,31
DA:14,31
DA:15,31
DA:16,31
DA:17,31
DA:18,31
DA:20,31
DA:21,7
DA:25,31
DA:26,9
DA:27,9
DA:28,1
DA:29,1
DA:34,31
DA:35,7
DA:36,7
DA:39,7
DA:41,0
DA:44,7
DA:47,7
DA:48,7
DA:49,7
DA:51,0
DA:52,0
DA:54,0
DA:56,0
DA:60,31
DA:61,7
DA:64,31
DA:65,4
DA:68,4
DA:69,0
DA:70,0
DA:73,4
DA:74,4
DA:80,4
DA:81,4
DA:84,4
DA:85,3
DA:86,3
DA:87,3
DA:88,3
DA:91,0
DA:93,3
DA:97,31
DA:98,0
DA:99,0
DA:102,0
DA:103,0
DA:105,0
DA:109,31
DA:110,23
DA:113,31
DA:114,23
DA:117,31
DA:118,8
DA:122,8
DA:129,23
DA:130,0
DA:143,23
DA:144,0
DA:153,23
DA:154,0
DA:164,23
LF:70
LH:54
BRDA:27,0,0,1
BRDA:27,0,1,8
BRDA:39,1,0,0
BRDA:39,1,1,7
BRDA:51,2,0,0
BRDA:51,2,1,0
BRDA:65,3,0,0
BRDA:65,3,1,4
BRDA:68,4,0,0
BRDA:68,4,1,4
BRDA:85,5,0,3
BRDA:85,5,1,0
BRDA:117,6,0,8
BRDA:117,6,1,23
BRDA:118,7,0,0
BRDA:118,7,1,8
BRDA:129,8,0,0
BRDA:129,8,1,23
BRDA:143,9,0,0
BRDA:143,9,1,23
BRDA:143,10,0,23
BRDA:143,10,1,0
BRDA:153,11,0,0
BRDA:153,11,1,23
BRDA:186,12,0,23
BRDA:186,12,1,18
BRF:26
BRH:15
end_of_record
TN:
SF:src/components/ScoreDisplay.js
FN:3,(anonymous_0)
FN:4,(anonymous_1)
FN:18,(anonymous_2)
FN:19,(anonymous_3)
FN:22,(anonymous_4)
FN:23,(anonymous_5)
FN:45,(anonymous_6)
FNF:7
FNH:7
FNDA:13,(anonymous_0)
FNDA:13,(anonymous_1)
FNDA:26,(anonymous_2)
FNDA:39,(anonymous_3)
FNDA:32,(anonymous_4)
FNDA:71,(anonymous_5)
FNDA:26,(anonymous_6)
DA:3,1
DA:4,13
DA:5,13
DA:7,13
DA:8,6
DA:9,7
DA:10,1
DA:11,6
DA:12,3
DA:14,3
DA:18,13
DA:19,39
DA:22,13
DA:23,71
DA:24,32
DA:27,13
DA:46,26
DA:47,26
DA:49,26
LF:19
LH:19
BRDA:7,0,0,6
BRDA:7,0,1,7
BRDA:9,1,0,1
BRDA:9,1,1,6
BRDA:11,2,0,3
BRDA:11,2,1,3
BRDA:24,3,0,32
BRDA:24,3,1,0
BRDA:47,4,0,0
BRDA:47,4,1,26
BRDA:55,5,0,20
BRDA:55,5,1,6
BRDA:56,6,0,20
BRDA:56,6,1,6
BRDA:66,7,0,20
BRDA:66,7,1,6
BRDA:69,8,0,26
BRDA:69,8,1,6
BRF:18
BRH:16
end_of_record
TN:
SF:src/components/SubjectSelection.js
FN:6,(anonymous_0)
FN:13,(anonymous_1)
FN:17,(anonymous_2)
FN:29,(anonymous_3)
FN:71,(anonymous_4)
FN:75,(anonymous_5)
FN:92,(anonymous_6)
FN:105,(anonymous_7)
FNF:8
FNH:7
FNDA:14,(anonymous_0)
FNDA:6,(anonymous_1)
FNDA:6,(anonymous_2)
FNDA:1,(anonymous_3)
FNDA:1,(anonymous_4)
FNDA:14,(anonymous_5)
FNDA:0,(anonymous_6)
FNDA:1,(anonymous_7)
DA:4,1
DA:6,1
DA:7,14
DA:8,14
DA:9,14
DA:10,14
DA:11,14
DA:13,14
DA:14,6
DA:17,14
DA:18,6
DA:19,6
DA:20,6
DA:21,5
DA:22,5
DA:24,1
DA:25,1
DA:29,14
DA:30,1
DA:31,0
DA:32,0
DA:35,1
DA:41,14
DA:42,6
DA:49,8
DA:50,1
DA:60,7
DA:71,1
DA:76,14
DA:92,0
DA:105,1
LF:31
LH:28
BRDA:4,0,0,1
BRDA:4,0,1,1
BRDA:30,1,0,0
BRDA:30,1,1,1
BRDA:41,2,0,6
BRDA:41,2,1,8
BRDA:49,3,0,1
BRDA:49,3,1,7
BRF:8
BRH:7
end_of_record
